Using pre-set license
Built from '2021.3/staging' branch; Version is '2021.3.24f1 (cf10dcf7010d) revision 13570268'; Using compiler version '192829333'; Build Type 'Release'
OS: 'Windows 10  (10.0.19045) 64bit Core' Language: 'en' Physical Memory: 32693 MB
BatchMode: 1, IsHumanControllingUs: 0, StartBugReporterOnCrash: 0, Is64bit: 1, IsPro: 1

COMMAND LINE ARGUMENTS:
D:\unity\2021.3.24f1\Editor\Unity.exe
-adb2
-batchMode
-noUpm
-name
AssetImportWorker4
-projectPath
D:/unity/Prototype 1
-logFile
Logs/AssetImportWorker4.log
-srvPort
63998
Successfully changed project path to: D:/unity/Prototype 1
D:/unity/Prototype 1
[UnityMemory] Configuration Parameters - Can be set up in boot.config
    "memorysetup-bucket-allocator-granularity=16"
    "memorysetup-bucket-allocator-bucket-count=8"
    "memorysetup-bucket-allocator-block-size=33554432"
    "memorysetup-bucket-allocator-block-count=8"
    "memorysetup-main-allocator-block-size=16777216"
    "memorysetup-thread-allocator-block-size=16777216"
    "memorysetup-gfx-main-allocator-block-size=16777216"
    "memorysetup-gfx-thread-allocator-block-size=16777216"
    "memorysetup-cache-allocator-block-size=4194304"
    "memorysetup-typetree-allocator-block-size=2097152"
    "memorysetup-profiler-bucket-allocator-granularity=16"
    "memorysetup-profiler-bucket-allocator-bucket-count=8"
    "memorysetup-profiler-bucket-allocator-block-size=33554432"
    "memorysetup-profiler-bucket-allocator-block-count=8"
    "memorysetup-profiler-allocator-block-size=16777216"
    "memorysetup-profiler-editor-allocator-block-size=1048576"
    "memorysetup-temp-allocator-size-main=16777216"
    "memorysetup-job-temp-allocator-block-size=2097152"
    "memorysetup-job-temp-allocator-block-size-background=1048576"
    "memorysetup-job-temp-allocator-reduction-small-platforms=262144"
    "memorysetup-temp-allocator-size-background-worker=32768"
    "memorysetup-temp-allocator-size-job-worker=262144"
    "memorysetup-temp-allocator-size-preload-manager=33554432"
    "memorysetup-temp-allocator-size-nav-mesh-worker=65536"
    "memorysetup-temp-allocator-size-audio-worker=65536"
    "memorysetup-temp-allocator-size-cloud-worker=32768"
    "memorysetup-temp-allocator-size-gi-baking-worker=262144"
    "memorysetup-temp-allocator-size-gfx=262144"
Player connection [1792] Host "[IP] 10.28.132.147 [Port] 0 [Flags] 2 [Guid] 2584660314 [EditorId] 2584660314 [Version] 1048832 [Id] WindowsEditor(7,DESKTOP-BL1ECVS) [Debug] 1 [PackageName] WindowsEditor [ProjectName] Editor" joined multi-casting on [225.0.0.222:54997]...

Player connection [1792] Host "[IP] 10.28.132.147 [Port] 0 [Flags] 2 [Guid] 2584660314 [EditorId] 2584660314 [Version] 1048832 [Id] WindowsEditor(7,DESKTOP-BL1ECVS) [Debug] 1 [PackageName] WindowsEditor [ProjectName] Editor" joined alternative multi-casting on [225.0.0.222:34997]...

Refreshing native plugins compatible for Editor in 63.26 ms, found 3 plugins.
Preloading 0 native plugins for Editor in 0.00 ms.
Initialize engine version: 2021.3.24f1 (cf10dcf7010d)
[Subsystems] Discovering subsystems at path D:/unity/2021.3.24f1/Editor/Data/Resources/UnitySubsystems
[Subsystems] Discovering subsystems at path D:/unity/Prototype 1/Assets
GfxDevice: creating device client; threaded=0; jobified=0
Direct3D:
    Version:  Direct3D 11.0 [level 11.1]
    Renderer: NVIDIA GeForce RTX 3060 Ti (ID=0x2414)
    Vendor:   NVIDIA
    VRAM:     8038 MB
    Driver:   31.0.15.3179
Initialize mono
Mono path[0] = 'D:/unity/2021.3.24f1/Editor/Data/Managed'
Mono path[1] = 'D:/unity/2021.3.24f1/Editor/Data/MonoBleedingEdge/lib/mono/unityjit-win32'
Mono config path = 'D:/unity/2021.3.24f1/Editor/Data/MonoBleedingEdge/etc'
Using monoOptions --debugger-agent=transport=dt_socket,embedding=1,server=y,suspend=n,address=127.0.0.1:56620
Begin MonoManager ReloadAssembly
Registering precompiled unity dll's ...
Register platform support module: D:/unity/2021.3.24f1/Editor/Data/PlaybackEngines/WebGLSupport/UnityEditor.WebGL.Extensions.dll
Register platform support module: D:/unity/2021.3.24f1/Editor/Data/PlaybackEngines/WindowsStandaloneSupport/UnityEditor.WindowsStandalone.Extensions.dll
Registered in 0.002264 seconds.
Native extension for WindowsStandalone target not found
Native extension for WebGL target not found
Refreshing native plugins compatible for Editor in 58.79 ms, found 3 plugins.
Preloading 0 native plugins for Editor in 0.00 ms.
Mono: successfully reloaded assembly
- Completed reload, in  0.440 seconds
Domain Reload Profiling:
	ReloadAssembly (440ms)
		BeginReloadAssembly (57ms)
			ExecutionOrderSort (0ms)
			DisableScriptedObjects (0ms)
			BackupInstance (0ms)
			ReleaseScriptingObjects (0ms)
			CreateAndSetChildDomain (1ms)
		EndReloadAssembly (322ms)
			LoadAssemblies (56ms)
			RebuildTransferFunctionScriptingTraits (0ms)
			SetupTypeCache (66ms)
			ReleaseScriptCaches (0ms)
			RebuildScriptCaches (17ms)
			SetupLoadedEditorAssemblies (205ms)
				LogAssemblyErrors (0ms)
				InitializePlatformSupportModulesInManaged (5ms)
				SetLoadedEditorAssemblies (0ms)
				RefreshPlugins (59ms)
				BeforeProcessingInitializeOnLoad (1ms)
				ProcessInitializeOnLoadAttributes (104ms)
				ProcessInitializeOnLoadMethodAttributes (36ms)
				AfterProcessingInitializeOnLoad (0ms)
				EditorAssembliesLoaded (0ms)
			ExecutionOrderSort2 (0ms)
			AwakeInstancesAfterBackupRestoration (0ms)
Platform modules already initialized, skipping
Registering precompiled user dll's ...
Registered in 0.002882 seconds.
Begin MonoManager ReloadAssembly
Symbol file LoadedFromMemory doesn't match image D:\unity\Prototype 1\Library\PackageCache\com.unity.visualscripting@1.8.0\Editor\VisualScripting.Core\Dependencies\YamlDotNet\Unity.VisualScripting.YamlDotNet.dll
Symbol file LoadedFromMemory doesn't match image D:\unity\Prototype 1\Library\PackageCache\com.unity.visualscripting@1.8.0\Editor\VisualScripting.Core\Dependencies\DotNetZip\Unity.VisualScripting.IonicZip.dll
Native extension for WindowsStandalone target not found
Native extension for WebGL target not found
Refreshing native plugins compatible for Editor in 0.41 ms, found 3 plugins.
Preloading 0 native plugins for Editor in 0.00 ms.
Mono: successfully reloaded assembly
- Completed reload, in  0.691 seconds
Domain Reload Profiling:
	ReloadAssembly (691ms)
		BeginReloadAssembly (87ms)
			ExecutionOrderSort (0ms)
			DisableScriptedObjects (5ms)
			BackupInstance (0ms)
			ReleaseScriptingObjects (0ms)
			CreateAndSetChildDomain (17ms)
		EndReloadAssembly (536ms)
			LoadAssemblies (58ms)
			RebuildTransferFunctionScriptingTraits (0ms)
			SetupTypeCache (190ms)
			ReleaseScriptCaches (0ms)
			RebuildScriptCaches (42ms)
			SetupLoadedEditorAssemblies (225ms)
				LogAssemblyErrors (0ms)
				InitializePlatformSupportModulesInManaged (3ms)
				SetLoadedEditorAssemblies (0ms)
				RefreshPlugins (0ms)
				BeforeProcessingInitializeOnLoad (51ms)
				ProcessInitializeOnLoadAttributes (155ms)
				ProcessInitializeOnLoadMethodAttributes (14ms)
				AfterProcessingInitializeOnLoad (2ms)
				EditorAssembliesLoaded (0ms)
			ExecutionOrderSort2 (0ms)
			AwakeInstancesAfterBackupRestoration (4ms)
Platform modules already initialized, skipping
========================================================================
Worker process is ready to serve import requests
Launched and connected shader compiler UnityShaderCompiler.exe after 0.03 seconds
Refreshing native plugins compatible for Editor in 1.02 ms, found 3 plugins.
Preloading 0 native plugins for Editor in 0.00 ms.
Unloading 3049 Unused Serialized files (Serialized files now loaded: 0)
Unloading 24 unused Assets / (113.5 KB). Loaded Objects now: 3526.
Memory consumption went from 119.7 MB to 119.6 MB.
Total: 2.320800 ms (FindLiveObjects: 0.193400 ms CreateObjectMapping: 0.065700 ms MarkObjects: 1.968900 ms  DeleteObjects: 0.092000 ms)

AssetImportParameters requested are different than current active one (requested -> active):
  custom:video-decoder-ogg-theora: a1e56fd34408186e4bbccfd4996cb3dc -> 
  custom:container-muxer-webm: aa71ff27fc2769a1b78a27578f13a17b -> 
  custom:container-demuxer-webm: 4f35f7cbe854078d1ac9338744f61a02 -> 
  custom:video-encoder-webm-vp8: eb34c28f22e8b96e1ab97ce403110664 -> 
  custom:audio-encoder-webm-vorbis: bf7c407c2cedff20999df2af8eb42d56 -> 
  custom:framework-win-MediaFoundation: 216162199b28c13a410421893ffa2e32 -> 
  custom:container-demuxer-ogg: 62fdf1f143b41e24485cea50d1cbac27 -> 
  custom:video-decoder-webm-vp8: 9c59270c3fd7afecdb556c50c9e8de78 -> 
  custom:audio-decoder-ogg-vorbis: bf7c407c2cedff20999df2af8eb42d56 -> 
========================================================================
Received Import Request.
  Time since last request: 60299.480261 seconds.
  path: Assets/MedievalTownExteriors/Standard/TerrrainGrassLayer.terrainlayer
  artifactKey: Guid(7855c45532846064282e82d248b35839) Importer(815301076,1909f56bfc062723c751e8b465ee728b)
Start importing Assets/MedievalTownExteriors/Standard/TerrrainGrassLayer.terrainlayer using Guid(7855c45532846064282e82d248b35839) Importer(815301076,1909f56bfc062723c751e8b465ee728b)  -> (artifact id: 'a66d258f41f5743a482af247595ec120') in 0.062402 seconds 
========================================================================
Received Import Request.
  Time since last request: 2.544208 seconds.
  path: Assets/MedievalTownExteriors/TerrrainGrassLayer.terrainlayer
  artifactKey: Guid(7855c45532846064282e82d248b35839) Importer(815301076,1909f56bfc062723c751e8b465ee728b)
Start importing Assets/MedievalTownExteriors/TerrrainGrassLayer.terrainlayer using Guid(7855c45532846064282e82d248b35839) Importer(815301076,1909f56bfc062723c751e8b465ee728b)  -> (artifact id: 'd544b59d869fa3d19f47e94ae54c4a28') in 0.011335 seconds 
========================================================================
Received Import Request.
  Time since last request: 21.662081 seconds.
  path: Assets/Scenes/SampleScene.unity
  artifactKey: Guid(9fc0d4010bbf28b4594072e72b8655ab) Importer(815301076,1909f56bfc062723c751e8b465ee728b)
Start importing Assets/Scenes/SampleScene.unity using Guid(9fc0d4010bbf28b4594072e72b8655ab) Importer(815301076,1909f56bfc062723c751e8b465ee728b)  -> (artifact id: 'e55ccaa32d8e5c1de03c07a5412c8c3c') in 0.004802 seconds 
========================================================================
Received Import Request.
  Time since last request: 19.492808 seconds.
  path: Assets/Scenes/Prototype 1.unity
  artifactKey: Guid(84729eeda748340d0955715b6a50b370) Importer(815301076,1909f56bfc062723c751e8b465ee728b)
Start importing Assets/Scenes/Prototype 1.unity using Guid(84729eeda748340d0955715b6a50b370) Importer(815301076,1909f56bfc062723c751e8b465ee728b)  -> (artifact id: '23c021ebaa025d147cce31e4e459fbc7') in 0.178003 seconds 
========================================================================
Received Prepare
Registering precompiled user dll's ...
Registered in 0.002686 seconds.
Begin MonoManager ReloadAssembly
Symbol file LoadedFromMemory doesn't match image D:\unity\Prototype 1\Library\PackageCache\com.unity.visualscripting@1.8.0\Editor\VisualScripting.Core\Dependencies\YamlDotNet\Unity.VisualScripting.YamlDotNet.dll
Symbol file LoadedFromMemory doesn't match image D:\unity\Prototype 1\Library\PackageCache\com.unity.visualscripting@1.8.0\Editor\VisualScripting.Core\Dependencies\DotNetZip\Unity.VisualScripting.IonicZip.dll
Native extension for WindowsStandalone target not found
Native extension for WebGL target not found
Refreshing native plugins compatible for Editor in 0.60 ms, found 3 plugins.
Preloading 0 native plugins for Editor in 0.00 ms.
Mono: successfully reloaded assembly
- Completed reload, in  0.659 seconds
Domain Reload Profiling:
	ReloadAssembly (660ms)
		BeginReloadAssembly (110ms)
			ExecutionOrderSort (0ms)
			DisableScriptedObjects (4ms)
			BackupInstance (0ms)
			ReleaseScriptingObjects (0ms)
			CreateAndSetChildDomain (26ms)
		EndReloadAssembly (491ms)
			LoadAssemblies (65ms)
			RebuildTransferFunctionScriptingTraits (0ms)
			SetupTypeCache (179ms)
			ReleaseScriptCaches (1ms)
			RebuildScriptCaches (25ms)
			SetupLoadedEditorAssemblies (210ms)
				LogAssemblyErrors (0ms)
				InitializePlatformSupportModulesInManaged (4ms)
				SetLoadedEditorAssemblies (0ms)
				RefreshPlugins (1ms)
				BeforeProcessingInitializeOnLoad (40ms)
				ProcessInitializeOnLoadAttributes (147ms)
				ProcessInitializeOnLoadMethodAttributes (15ms)
				AfterProcessingInitializeOnLoad (2ms)
				EditorAssembliesLoaded (0ms)
			ExecutionOrderSort2 (0ms)
			AwakeInstancesAfterBackupRestoration (4ms)
Platform modules already initialized, skipping
Refreshing native plugins compatible for Editor in 1.24 ms, found 3 plugins.
Preloading 0 native plugins for Editor in 0.00 ms.
Unloading 3044 Unused Serialized files (Serialized files now loaded: 0)
Unloading 17 unused Assets / (80.2 KB). Loaded Objects now: 3535.
Memory consumption went from 123.9 MB to 123.8 MB.
Total: 2.426800 ms (FindLiveObjects: 0.293300 ms CreateObjectMapping: 0.059900 ms MarkObjects: 2.000200 ms  DeleteObjects: 0.072700 ms)

AssetImportParameters requested are different than current active one (requested -> active):
  custom:video-decoder-ogg-theora: a1e56fd34408186e4bbccfd4996cb3dc -> 
  custom:container-muxer-webm: aa71ff27fc2769a1b78a27578f13a17b -> 
  custom:container-demuxer-webm: 4f35f7cbe854078d1ac9338744f61a02 -> 
  custom:video-encoder-webm-vp8: eb34c28f22e8b96e1ab97ce403110664 -> 
  custom:audio-encoder-webm-vorbis: bf7c407c2cedff20999df2af8eb42d56 -> 
  custom:framework-win-MediaFoundation: 216162199b28c13a410421893ffa2e32 -> 
  custom:container-demuxer-ogg: 62fdf1f143b41e24485cea50d1cbac27 -> 
  custom:video-decoder-webm-vp8: 9c59270c3fd7afecdb556c50c9e8de78 -> 
  custom:audio-decoder-ogg-vorbis: bf7c407c2cedff20999df2af8eb42d56 -> 
========================================================================
Received Prepare
Registering precompiled user dll's ...
Registered in 0.002764 seconds.
Begin MonoManager ReloadAssembly
Symbol file LoadedFromMemory doesn't match image D:\unity\Prototype 1\Library\PackageCache\com.unity.visualscripting@1.8.0\Editor\VisualScripting.Core\Dependencies\YamlDotNet\Unity.VisualScripting.YamlDotNet.dll
Symbol file LoadedFromMemory doesn't match image D:\unity\Prototype 1\Library\PackageCache\com.unity.visualscripting@1.8.0\Editor\VisualScripting.Core\Dependencies\DotNetZip\Unity.VisualScripting.IonicZip.dll
Native extension for WindowsStandalone target not found
Native extension for WebGL target not found
Refreshing native plugins compatible for Editor in 0.48 ms, found 3 plugins.
Preloading 0 native plugins for Editor in 0.00 ms.
Mono: successfully reloaded assembly
- Completed reload, in  0.658 seconds
Domain Reload Profiling:
	ReloadAssembly (659ms)
		BeginReloadAssembly (104ms)
			ExecutionOrderSort (0ms)
			DisableScriptedObjects (4ms)
			BackupInstance (0ms)
			ReleaseScriptingObjects (0ms)
			CreateAndSetChildDomain (28ms)
		EndReloadAssembly (489ms)
			LoadAssemblies (58ms)
			RebuildTransferFunctionScriptingTraits (0ms)
			SetupTypeCache (175ms)
			ReleaseScriptCaches (1ms)
			RebuildScriptCaches (26ms)
			SetupLoadedEditorAssemblies (205ms)
				LogAssemblyErrors (0ms)
				InitializePlatformSupportModulesInManaged (4ms)
				SetLoadedEditorAssemblies (0ms)
				RefreshPlugins (1ms)
				BeforeProcessingInitializeOnLoad (39ms)
				ProcessInitializeOnLoadAttributes (146ms)
				ProcessInitializeOnLoadMethodAttributes (14ms)
				AfterProcessingInitializeOnLoad (2ms)
				EditorAssembliesLoaded (0ms)
			ExecutionOrderSort2 (0ms)
			AwakeInstancesAfterBackupRestoration (5ms)
Platform modules already initialized, skipping
Refreshing native plugins compatible for Editor in 1.70 ms, found 3 plugins.
Preloading 0 native plugins for Editor in 0.00 ms.
Unloading 3044 Unused Serialized files (Serialized files now loaded: 0)
Unloading 17 unused Assets / (80.3 KB). Loaded Objects now: 3538.
Memory consumption went from 123.9 MB to 123.8 MB.
Total: 2.324600 ms (FindLiveObjects: 0.232300 ms CreateObjectMapping: 0.063300 ms MarkObjects: 1.958200 ms  DeleteObjects: 0.070200 ms)

AssetImportParameters requested are different than current active one (requested -> active):
  custom:video-decoder-ogg-theora: a1e56fd34408186e4bbccfd4996cb3dc -> 
  custom:container-muxer-webm: aa71ff27fc2769a1b78a27578f13a17b -> 
  custom:container-demuxer-webm: 4f35f7cbe854078d1ac9338744f61a02 -> 
  custom:video-encoder-webm-vp8: eb34c28f22e8b96e1ab97ce403110664 -> 
  custom:audio-encoder-webm-vorbis: bf7c407c2cedff20999df2af8eb42d56 -> 
  custom:framework-win-MediaFoundation: 216162199b28c13a410421893ffa2e32 -> 
  custom:container-demuxer-ogg: 62fdf1f143b41e24485cea50d1cbac27 -> 
  custom:video-decoder-webm-vp8: 9c59270c3fd7afecdb556c50c9e8de78 -> 
  custom:audio-decoder-ogg-vorbis: bf7c407c2cedff20999df2af8eb42d56 -> 
========================================================================
Received Import Request.
  Time since last request: 691.441325 seconds.
  path: Assets/MedievalTownExteriors/Prefabs/Food_b.prefab
  artifactKey: Guid(43972cadef1914d4f81ad6e4d8678cd1) Importer(815301076,1909f56bfc062723c751e8b465ee728b)
Start importing Assets/MedievalTownExteriors/Prefabs/Food_b.prefab using Guid(43972cadef1914d4f81ad6e4d8678cd1) Importer(815301076,1909f56bfc062723c751e8b465ee728b)  -> (artifact id: '940c22f4d27942784cc7d87e50876cae') in 0.074078 seconds 
========================================================================
Received Import Request.
  Time since last request: 0.000021 seconds.
  path: Assets/MedievalTownExteriors/Prefabs/Hay_b.prefab
  artifactKey: Guid(2f1d35023a410684195ebaff92d15273) Importer(815301076,1909f56bfc062723c751e8b465ee728b)
Start importing Assets/MedievalTownExteriors/Prefabs/Hay_b.prefab using Guid(2f1d35023a410684195ebaff92d15273) Importer(815301076,1909f56bfc062723c751e8b465ee728b)  -> (artifact id: '23639d03ad4e2e4cce0dc070f6bb2405') in 0.020039 seconds 
========================================================================
Received Import Request.
  Time since last request: 0.000022 seconds.
  path: Assets/MedievalTownExteriors/Prefabs/Hay_a.prefab
  artifactKey: Guid(d2455836f34483a42b6613a8fc03a747) Importer(815301076,1909f56bfc062723c751e8b465ee728b)
Start importing Assets/MedievalTownExteriors/Prefabs/Hay_a.prefab using Guid(d2455836f34483a42b6613a8fc03a747) Importer(815301076,1909f56bfc062723c751e8b465ee728b)  -> (artifact id: '8ce72eed8caac1575425ea3c0326d52d') in 0.022831 seconds 
========================================================================
Received Import Request.
  Time since last request: 0.019255 seconds.
  path: Assets/MedievalTownExteriors/Prefabs/Hay_c.prefab
  artifactKey: Guid(923ec327cbb4a4545af1dcb073589c9d) Importer(815301076,1909f56bfc062723c751e8b465ee728b)
Start importing Assets/MedievalTownExteriors/Prefabs/Hay_c.prefab using Guid(923ec327cbb4a4545af1dcb073589c9d) Importer(815301076,1909f56bfc062723c751e8b465ee728b)  -> (artifact id: '42bdb99a01a0afe7279bace966a5fd02') in 0.016821 seconds 
========================================================================
Received Import Request.
  Time since last request: 0.000020 seconds.
  path: Assets/MedievalTownExteriors/Prefabs/Lantern.prefab
  artifactKey: Guid(4c1598ecae5595b43a9d6af2b80aca62) Importer(815301076,1909f56bfc062723c751e8b465ee728b)
Start importing Assets/MedievalTownExteriors/Prefabs/Lantern.prefab using Guid(4c1598ecae5595b43a9d6af2b80aca62) Importer(815301076,1909f56bfc062723c751e8b465ee728b)  -> (artifact id: '828f8fdcfeef988c2ebe0feac1b8b111') in 0.030312 seconds 
========================================================================
Received Import Request.
  Time since last request: 0.000022 seconds.
  path: Assets/MedievalTownExteriors/Prefabs/Mushroom_b.prefab
  artifactKey: Guid(ae446b6954a0f884abadb75f6f8c3098) Importer(815301076,1909f56bfc062723c751e8b465ee728b)
Start importing Assets/MedievalTownExteriors/Prefabs/Mushroom_b.prefab using Guid(ae446b6954a0f884abadb75f6f8c3098) Importer(815301076,1909f56bfc062723c751e8b465ee728b)  -> (artifact id: '8f9a555387d9409f59f3ddfaaeadb41c') in 0.011267 seconds 
========================================================================
Received Import Request.
  Time since last request: 0.000023 seconds.
  path: Assets/MedievalTownExteriors/Prefabs/Logs_b.prefab
  artifactKey: Guid(737f000fba6aa60458d3ec61cb22fcc3) Importer(815301076,1909f56bfc062723c751e8b465ee728b)
Start importing Assets/MedievalTownExteriors/Prefabs/Logs_b.prefab using Guid(737f000fba6aa60458d3ec61cb22fcc3) Importer(815301076,1909f56bfc062723c751e8b465ee728b)  -> (artifact id: '6c77970ab8054b95e3a3e3c918fef913') in 0.021322 seconds 
========================================================================
Received Import Request.
  Time since last request: 0.268289 seconds.
  path: Assets/MedievalTownExteriors/Prefabs/Mushroom_c.prefab
  artifactKey: Guid(b4c76366100be8d47aaca26006e1e7d5) Importer(815301076,1909f56bfc062723c751e8b465ee728b)
Start importing Assets/MedievalTownExteriors/Prefabs/Mushroom_c.prefab using Guid(b4c76366100be8d47aaca26006e1e7d5) Importer(815301076,1909f56bfc062723c751e8b465ee728b)  -> (artifact id: '43d643e438a30533ae24efae4160187c') in 0.009227 seconds 
========================================================================
Received Import Request.
  Time since last request: 0.000014 seconds.
  path: Assets/MedievalTownExteriors/Prefabs/Rock_a.prefab
  artifactKey: Guid(6dae62de16c1a7948957ecb3f97cb911) Importer(815301076,1909f56bfc062723c751e8b465ee728b)
Start importing Assets/MedievalTownExteriors/Prefabs/Rock_a.prefab using Guid(6dae62de16c1a7948957ecb3f97cb911) Importer(815301076,1909f56bfc062723c751e8b465ee728b)  -> (artifact id: '0b960b11b54d4e9d84976021dc595ede') in 0.008549 seconds 
========================================================================
Received Import Request.
  Time since last request: 0.179660 seconds.
  path: Assets/MedievalTownExteriors/Prefabs/Rock_c.prefab
  artifactKey: Guid(6cec304f27f918d44b808e7706ea004d) Importer(815301076,1909f56bfc062723c751e8b465ee728b)
Start importing Assets/MedievalTownExteriors/Prefabs/Rock_c.prefab using Guid(6cec304f27f918d44b808e7706ea004d) Importer(815301076,1909f56bfc062723c751e8b465ee728b)  -> (artifact id: 'd1b09adfce3b74b1ac7c016f5d6e8006') in 0.009550 seconds 
========================================================================
Received Import Request.
  Time since last request: 0.000015 seconds.
  path: Assets/MedievalTownExteriors/Prefabs/Rock_f.prefab
  artifactKey: Guid(2cf3a9094991ef243837305525536bc1) Importer(815301076,1909f56bfc062723c751e8b465ee728b)
Start importing Assets/MedievalTownExteriors/Prefabs/Rock_f.prefab using Guid(2cf3a9094991ef243837305525536bc1) Importer(815301076,1909f56bfc062723c751e8b465ee728b)  -> (artifact id: '71ce4a9a4d5e9fb8e65a173aec521c97') in 0.010625 seconds 
========================================================================
Received Import Request.
  Time since last request: 0.014572 seconds.
  path: Assets/MedievalTownExteriors/Prefabs/Sack_a.prefab
  artifactKey: Guid(96af99dc9638b2040ad65b33d80e5ec7) Importer(815301076,1909f56bfc062723c751e8b465ee728b)
Start importing Assets/MedievalTownExteriors/Prefabs/Sack_a.prefab using Guid(96af99dc9638b2040ad65b33d80e5ec7) Importer(815301076,1909f56bfc062723c751e8b465ee728b)  -> (artifact id: '59b5eb66f0e7446f41027e77eeba7a89') in 0.009024 seconds 
========================================================================
Received Import Request.
  Time since last request: 0.000014 seconds.
  path: Assets/MedievalTownExteriors/Prefabs/Sign_a.prefab
  artifactKey: Guid(b2e054983935ebc4c959a2513ac649dc) Importer(815301076,1909f56bfc062723c751e8b465ee728b)
Start importing Assets/MedievalTownExteriors/Prefabs/Sign_a.prefab using Guid(b2e054983935ebc4c959a2513ac649dc) Importer(815301076,1909f56bfc062723c751e8b465ee728b)  -> (artifact id: '26ca3743e9e10471b414d75463bc4f44') in 0.009849 seconds 
========================================================================
Received Import Request.
  Time since last request: 0.413318 seconds.
  path: Assets/MedievalTownExteriors/Prefabs/Sign_b.prefab
  artifactKey: Guid(223e0df8f9757ad4cb1af233c8c05c26) Importer(815301076,1909f56bfc062723c751e8b465ee728b)
Start importing Assets/MedievalTownExteriors/Prefabs/Sign_b.prefab using Guid(223e0df8f9757ad4cb1af233c8c05c26) Importer(815301076,1909f56bfc062723c751e8b465ee728b)  -> (artifact id: '571db3395bf0de89b442d363e2358b68') in 0.008938 seconds 
========================================================================
Received Import Request.
  Time since last request: 0.000017 seconds.
  path: Assets/MedievalTownExteriors/Prefabs/Sign_d.prefab
  artifactKey: Guid(6fc58950172822847ade368b03b7d4dd) Importer(815301076,1909f56bfc062723c751e8b465ee728b)
Start importing Assets/MedievalTownExteriors/Prefabs/Sign_d.prefab using Guid(6fc58950172822847ade368b03b7d4dd) Importer(815301076,1909f56bfc062723c751e8b465ee728b)  -> (artifact id: 'f4ea2b4a326a566be1e3ce564f0ee241') in 0.008939 seconds 
========================================================================
Received Import Request.
  Time since last request: 0.015906 seconds.
  path: Assets/MedievalTownExteriors/Prefabs/Well.prefab
  artifactKey: Guid(5a318dfcecda8d840adfe5cb4233410d) Importer(815301076,1909f56bfc062723c751e8b465ee728b)
Start importing Assets/MedievalTownExteriors/Prefabs/Well.prefab using Guid(5a318dfcecda8d840adfe5cb4233410d) Importer(815301076,1909f56bfc062723c751e8b465ee728b)  -> (artifact id: 'ec95ff0fc34e25919ce67366790ea2f3') in 0.009186 seconds 
========================================================================
Received Prepare
Registering precompiled user dll's ...
Registered in 0.002671 seconds.
Begin MonoManager ReloadAssembly
Symbol file LoadedFromMemory doesn't match image D:\unity\Prototype 1\Library\PackageCache\com.unity.visualscripting@1.8.0\Editor\VisualScripting.Core\Dependencies\YamlDotNet\Unity.VisualScripting.YamlDotNet.dll
Symbol file LoadedFromMemory doesn't match image D:\unity\Prototype 1\Library\PackageCache\com.unity.visualscripting@1.8.0\Editor\VisualScripting.Core\Dependencies\DotNetZip\Unity.VisualScripting.IonicZip.dll
Native extension for WindowsStandalone target not found
Native extension for WebGL target not found
Refreshing native plugins compatible for Editor in 0.61 ms, found 3 plugins.
Preloading 0 native plugins for Editor in 0.00 ms.
Mono: successfully reloaded assembly
- Completed reload, in  0.630 seconds
Domain Reload Profiling:
	ReloadAssembly (631ms)
		BeginReloadAssembly (100ms)
			ExecutionOrderSort (0ms)
			DisableScriptedObjects (3ms)
			BackupInstance (0ms)
			ReleaseScriptingObjects (0ms)
			CreateAndSetChildDomain (28ms)
		EndReloadAssembly (471ms)
			LoadAssemblies (57ms)
			RebuildTransferFunctionScriptingTraits (0ms)
			SetupTypeCache (162ms)
			ReleaseScriptCaches (1ms)
			RebuildScriptCaches (30ms)
			SetupLoadedEditorAssemblies (196ms)
				LogAssemblyErrors (0ms)
				InitializePlatformSupportModulesInManaged (4ms)
				SetLoadedEditorAssemblies (0ms)
				RefreshPlugins (1ms)
				BeforeProcessingInitializeOnLoad (39ms)
				ProcessInitializeOnLoadAttributes (137ms)
				ProcessInitializeOnLoadMethodAttributes (13ms)
				AfterProcessingInitializeOnLoad (2ms)
				EditorAssembliesLoaded (0ms)
			ExecutionOrderSort2 (0ms)
			AwakeInstancesAfterBackupRestoration (4ms)
Platform modules already initialized, skipping
Refreshing native plugins compatible for Editor in 1.20 ms, found 3 plugins.
Preloading 0 native plugins for Editor in 0.00 ms.
Unloading 3047 Unused Serialized files (Serialized files now loaded: 0)
Unloading 18 unused Assets / (129.8 KB). Loaded Objects now: 3549.
Memory consumption went from 124.3 MB to 124.2 MB.
Total: 2.210100 ms (FindLiveObjects: 0.191500 ms CreateObjectMapping: 0.057500 ms MarkObjects: 1.868900 ms  DeleteObjects: 0.091600 ms)

AssetImportParameters requested are different than current active one (requested -> active):
  custom:video-decoder-ogg-theora: a1e56fd34408186e4bbccfd4996cb3dc -> 
  custom:container-muxer-webm: aa71ff27fc2769a1b78a27578f13a17b -> 
  custom:container-demuxer-webm: 4f35f7cbe854078d1ac9338744f61a02 -> 
  custom:video-encoder-webm-vp8: eb34c28f22e8b96e1ab97ce403110664 -> 
  custom:audio-encoder-webm-vorbis: bf7c407c2cedff20999df2af8eb42d56 -> 
  custom:framework-win-MediaFoundation: 216162199b28c13a410421893ffa2e32 -> 
  custom:container-demuxer-ogg: 62fdf1f143b41e24485cea50d1cbac27 -> 
  custom:video-decoder-webm-vp8: 9c59270c3fd7afecdb556c50c9e8de78 -> 
  custom:audio-decoder-ogg-vorbis: bf7c407c2cedff20999df2af8eb42d56 -> 
========================================================================
Received Import Request.
  Time since last request: 6063.108713 seconds.
  path: Assets/Scenes/NewLayer.terrainlayer
  artifactKey: Guid(25092168a721acd4ba3a2c34277f3062) Importer(815301076,1909f56bfc062723c751e8b465ee728b)
Start importing Assets/Scenes/NewLayer.terrainlayer using Guid(25092168a721acd4ba3a2c34277f3062) Importer(815301076,1909f56bfc062723c751e8b465ee728b)  -> (artifact id: '9b9fb88329f08fe9662b8bf35191d3e8') in 0.031036 seconds 
========================================================================
Received Import Request.
  Time since last request: 29.473558 seconds.
  path: Assets/Laterns and candles/Materials/Candle1.mat
  artifactKey: Guid(2ff38d00be4eef640bf6495fe8a5b54f) Importer(815301076,1909f56bfc062723c751e8b465ee728b)
Start importing Assets/Laterns and candles/Materials/Candle1.mat using Guid(2ff38d00be4eef640bf6495fe8a5b54f) Importer(815301076,1909f56bfc062723c751e8b465ee728b)  -> (artifact id: 'c984997bde958ddeb32df61b90fad32f') in 0.227471 seconds 
========================================================================
Received Import Request.
  Time since last request: 0.000020 seconds.
  path: Assets/Laterns and candles/Materials/Flame.mat
  artifactKey: Guid(b89178c9821ece842b4a7a4fed42d77e) Importer(815301076,1909f56bfc062723c751e8b465ee728b)
Start importing Assets/Laterns and candles/Materials/Flame.mat using Guid(b89178c9821ece842b4a7a4fed42d77e) Importer(815301076,1909f56bfc062723c751e8b465ee728b)  -> (artifact id: '2e145707b61b065710e404559aaade7c') in 0.026505 seconds 
========================================================================
Received Import Request.
  Time since last request: 0.000026 seconds.
  path: Assets/Laterns and candles/Materials/Candle3_greenEmission.mat
  artifactKey: Guid(1a7fe1134bbe65f48b85c1c566b4c88b) Importer(815301076,1909f56bfc062723c751e8b465ee728b)
Start importing Assets/Laterns and candles/Materials/Candle3_greenEmission.mat using Guid(1a7fe1134bbe65f48b85c1c566b4c88b) Importer(815301076,1909f56bfc062723c751e8b465ee728b)  -> (artifact id: '9de93bdd65afa2ddb3853bdea94c4d06') in 0.010764 seconds 
========================================================================
Received Import Request.
  Time since last request: 0.000014 seconds.
  path: Assets/Laterns and candles/Materials/Glass3.mat
  artifactKey: Guid(dc9e1f70c9d234b4b8b4a257faeac211) Importer(815301076,1909f56bfc062723c751e8b465ee728b)
Start importing Assets/Laterns and candles/Materials/Glass3.mat using Guid(dc9e1f70c9d234b4b8b4a257faeac211) Importer(815301076,1909f56bfc062723c751e8b465ee728b)  -> (artifact id: 'e746a1943cf8569184fef2fae0d65b14') in 0.037325 seconds 
========================================================================
Received Import Request.
  Time since last request: 0.000022 seconds.
  path: Assets/Laterns and candles/Materials/Candle2_blueEmission.mat
  artifactKey: Guid(3d575510381c2ec4e901a80b63d9698b) Importer(815301076,1909f56bfc062723c751e8b465ee728b)
Start importing Assets/Laterns and candles/Materials/Candle2_blueEmission.mat using Guid(3d575510381c2ec4e901a80b63d9698b) Importer(815301076,1909f56bfc062723c751e8b465ee728b)  -> (artifact id: '45e90d66c894dfdd98da672e978e4382') in 0.011255 seconds 
========================================================================
Received Import Request.
  Time since last request: 0.000016 seconds.
  path: Assets/Laterns and candles/Materials/Candle3_BlueEmission.mat
  artifactKey: Guid(5ef5c719608100e479fe390189d3173d) Importer(815301076,1909f56bfc062723c751e8b465ee728b)
Start importing Assets/Laterns and candles/Materials/Candle3_BlueEmission.mat using Guid(5ef5c719608100e479fe390189d3173d) Importer(815301076,1909f56bfc062723c751e8b465ee728b)  -> (artifact id: '68881ffcf5de050895416f6e277c7cea') in 0.010938 seconds 
========================================================================
Received Import Request.
  Time since last request: 0.000017 seconds.
  path: Assets/Laterns and candles/Materials/CarvedLampPost.mat
  artifactKey: Guid(77d10d81f215eb34bba1e5cb65e39a24) Importer(815301076,1909f56bfc062723c751e8b465ee728b)
Start importing Assets/Laterns and candles/Materials/CarvedLampPost.mat using Guid(77d10d81f215eb34bba1e5cb65e39a24) Importer(815301076,1909f56bfc062723c751e8b465ee728b)  -> (artifact id: 'f5f96a2c780e64aeb6620fb6a5f212ef') in 0.081722 seconds 
========================================================================
Received Import Request.
  Time since last request: 0.000023 seconds.
  path: Assets/Laterns and candles/Materials/Candle1green_emission.mat
  artifactKey: Guid(c1c9de58b363874419f5164aad3f6335) Importer(815301076,1909f56bfc062723c751e8b465ee728b)
Start importing Assets/Laterns and candles/Materials/Candle1green_emission.mat using Guid(c1c9de58b363874419f5164aad3f6335) Importer(815301076,1909f56bfc062723c751e8b465ee728b)  -> (artifact id: 'a2a044e68e515dfa604ac70c63064ece') in 0.010157 seconds 
========================================================================
Received Import Request.
  Time since last request: 0.000015 seconds.
  path: Assets/Laterns and candles/Materials/Glass2.mat
  artifactKey: Guid(d42d8fdd97de9f546a90efec90ea8100) Importer(815301076,1909f56bfc062723c751e8b465ee728b)
Start importing Assets/Laterns and candles/Materials/Glass2.mat using Guid(d42d8fdd97de9f546a90efec90ea8100) Importer(815301076,1909f56bfc062723c751e8b465ee728b)  -> (artifact id: '50b9b4efb43fdc4d1e0d84d0dc8368c6') in 0.011249 seconds 
========================================================================
Received Import Request.
  Time since last request: 0.000014 seconds.
  path: Assets/Laterns and candles/Materials/Candle3_colormap.mat
  artifactKey: Guid(768f45aaec716d3429b83b2b7e673f23) Importer(815301076,1909f56bfc062723c751e8b465ee728b)
Start importing Assets/Laterns and candles/Materials/Candle3_colormap.mat using Guid(768f45aaec716d3429b83b2b7e673f23) Importer(815301076,1909f56bfc062723c751e8b465ee728b)  -> (artifact id: '5615f84f110c68b591f93cb78bf8ad1c') in 0.012810 seconds 
========================================================================
Received Import Request.
  Time since last request: 0.000016 seconds.
  path: Assets/Laterns and candles/Materials/CarvedLampPost2.mat
  artifactKey: Guid(01417397b4060a84dabece89e51fb467) Importer(815301076,1909f56bfc062723c751e8b465ee728b)
Start importing Assets/Laterns and candles/Materials/CarvedLampPost2.mat using Guid(01417397b4060a84dabece89e51fb467) Importer(815301076,1909f56bfc062723c751e8b465ee728b)  -> (artifact id: '3c925c7245928a7a39b26b1049db8a69') in 0.019939 seconds 
========================================================================
Received Import Request.
  Time since last request: 0.000032 seconds.
  path: Assets/Laterns and candles/Materials/chandelier.mat
  artifactKey: Guid(ef9df8118d509b14380b0da9d330393d) Importer(815301076,1909f56bfc062723c751e8b465ee728b)
Start importing Assets/Laterns and candles/Materials/chandelier.mat using Guid(ef9df8118d509b14380b0da9d330393d) Importer(815301076,1909f56bfc062723c751e8b465ee728b)  -> (artifact id: '96faf4a66361f90c249acf86d7cc8605') in 0.010395 seconds 
========================================================================
Received Import Request.
  Time since last request: 0.630984 seconds.
  path: Assets/Laterns and candles/Materials/lamp post.mat
  artifactKey: Guid(e88cc3b41a43da64493fd04f91ae6c68) Importer(815301076,1909f56bfc062723c751e8b465ee728b)
Start importing Assets/Laterns and candles/Materials/lamp post.mat using Guid(e88cc3b41a43da64493fd04f91ae6c68) Importer(815301076,1909f56bfc062723c751e8b465ee728b)  -> (artifact id: '0965b7a8bfa65ecbe248c8f9cacdbfca') in 0.013696 seconds 
========================================================================
Received Import Request.
  Time since last request: 0.000016 seconds.
  path: Assets/Laterns and candles/Materials/LampPost_wall.mat
  artifactKey: Guid(b48090b67b3c8b84b81fcc983fc98878) Importer(815301076,1909f56bfc062723c751e8b465ee728b)
Start importing Assets/Laterns and candles/Materials/LampPost_wall.mat using Guid(b48090b67b3c8b84b81fcc983fc98878) Importer(815301076,1909f56bfc062723c751e8b465ee728b)  -> (artifact id: 'cd50c06dfb532dfb70e34c85367fe7b1') in 0.012251 seconds 
========================================================================
Received Import Request.
  Time since last request: 0.142734 seconds.
  path: Assets/Laterns and candles/Materials/Latern1.mat
  artifactKey: Guid(05b01ea2579be9f4ebed435fb445e6d6) Importer(815301076,1909f56bfc062723c751e8b465ee728b)
Start importing Assets/Laterns and candles/Materials/Latern1.mat using Guid(05b01ea2579be9f4ebed435fb445e6d6) Importer(815301076,1909f56bfc062723c751e8b465ee728b)  -> (artifact id: '51bb59d29f3a15e6d4996ae00b49cfcd') in 0.010734 seconds 
========================================================================
Received Import Request.
  Time since last request: 0.000015 seconds.
  path: Assets/Laterns and candles/Materials/Latern5.mat
  artifactKey: Guid(c80049bc80d43e24da4915d1806290fd) Importer(815301076,1909f56bfc062723c751e8b465ee728b)
Start importing Assets/Laterns and candles/Materials/Latern5.mat using Guid(c80049bc80d43e24da4915d1806290fd) Importer(815301076,1909f56bfc062723c751e8b465ee728b)  -> (artifact id: '1e798fc5b38e59e0c88945a540f04d54') in 0.011680 seconds 
========================================================================
Received Import Request.
  Time since last request: 0.077707 seconds.
  path: Assets/Laterns and candles/Materials/lattice.mat
  artifactKey: Guid(d5e80fc50c6e73f48ac197429f573181) Importer(815301076,1909f56bfc062723c751e8b465ee728b)
Start importing Assets/Laterns and candles/Materials/lattice.mat using Guid(d5e80fc50c6e73f48ac197429f573181) Importer(815301076,1909f56bfc062723c751e8b465ee728b)  -> (artifact id: '9dd3ea14fdd724349685a2f3f6aff739') in 0.169000 seconds 
========================================================================
Received Import Request.
  Time since last request: 0.278075 seconds.
  path: Assets/Laterns and candles/Materials/Wall Lamp.mat
  artifactKey: Guid(96a3109bf84a57d4fa28aee81c28dc74) Importer(815301076,1909f56bfc062723c751e8b465ee728b)
Start importing Assets/Laterns and candles/Materials/Wall Lamp.mat using Guid(96a3109bf84a57d4fa28aee81c28dc74) Importer(815301076,1909f56bfc062723c751e8b465ee728b)  -> (artifact id: '06ee6b3f9d8e5cb185114be1cb4f253c') in 0.009376 seconds 
========================================================================
Received Import Request.
  Time since last request: 0.902925 seconds.
  path: Assets/Laterns and candles/Meshes/CarvedPost2_double.fbx
  artifactKey: Guid(f25cee7770aa6f84a97ea2a137423107) Importer(815301076,1909f56bfc062723c751e8b465ee728b)
Start importing Assets/Laterns and candles/Meshes/CarvedPost2_double.fbx using Guid(f25cee7770aa6f84a97ea2a137423107) Importer(815301076,1909f56bfc062723c751e8b465ee728b)  -> (artifact id: '102ed44b2df81e6943774e15ceade156') in 0.056246 seconds 
========================================================================
Received Import Request.
  Time since last request: 0.000040 seconds.
  path: Assets/Laterns and candles/Meshes/LampPost_wall.fbx
  artifactKey: Guid(00897a0dd899b104ebedcfc97838612c) Importer(815301076,1909f56bfc062723c751e8b465ee728b)
Start importing Assets/Laterns and candles/Meshes/LampPost_wall.fbx using Guid(00897a0dd899b104ebedcfc97838612c) Importer(815301076,1909f56bfc062723c751e8b465ee728b)  -> (artifact id: 'a2871255ce099aadbcc16a717a172fad') in 0.022101 seconds 
========================================================================
Received Import Request.
  Time since last request: 0.000034 seconds.
  path: Assets/Laterns and candles/Meshes/Latern3.fbx
  artifactKey: Guid(c124bcb1a14e7054b8c99e402a20ee07) Importer(815301076,1909f56bfc062723c751e8b465ee728b)
Start importing Assets/Laterns and candles/Meshes/Latern3.fbx using Guid(c124bcb1a14e7054b8c99e402a20ee07) Importer(815301076,1909f56bfc062723c751e8b465ee728b)  -> (artifact id: '2efa419c01c264c657491ad88aa69ed8') in 0.036729 seconds 
========================================================================
Received Import Request.
  Time since last request: 0.000013 seconds.
  path: Assets/Laterns and candles/Meshes/Latern1.fbx
  artifactKey: Guid(d78538bd679f6fe4b9bd7c6c1e9c8485) Importer(815301076,1909f56bfc062723c751e8b465ee728b)
Start importing Assets/Laterns and candles/Meshes/Latern1.fbx using Guid(d78538bd679f6fe4b9bd7c6c1e9c8485) Importer(815301076,1909f56bfc062723c751e8b465ee728b)  -> (artifact id: '037691558afd35787b9035937861ef12') in 0.038564 seconds 
========================================================================
Received Import Request.
  Time since last request: 0.000012 seconds.
  path: Assets/Laterns and candles/Meshes/Latern5.fbx
  artifactKey: Guid(92a5a5383e624784da2627a47a052328) Importer(815301076,1909f56bfc062723c751e8b465ee728b)
Start importing Assets/Laterns and candles/Meshes/Latern5.fbx using Guid(92a5a5383e624784da2627a47a052328) Importer(815301076,1909f56bfc062723c751e8b465ee728b)  -> (artifact id: '48bfc27693b36f2d5c88c1d27cb17ad7') in 0.031311 seconds 
========================================================================
Received Import Request.
  Time since last request: 0.286694 seconds.
  path: Assets/Laterns and candles/Prefabs/CarvedPost2.prefab
  artifactKey: Guid(94f10da449387134eb5a2276906ccdfd) Importer(815301076,1909f56bfc062723c751e8b465ee728b)
Start importing Assets/Laterns and candles/Prefabs/CarvedPost2.prefab using Guid(94f10da449387134eb5a2276906ccdfd) Importer(815301076,1909f56bfc062723c751e8b465ee728b)  -> (artifact id: '37b96d50e036c8be0456acd619d46f91') in 0.726620 seconds 
========================================================================
Received Import Request.
  Time since last request: 0.000025 seconds.
  path: Assets/Laterns and candles/Prefabs/Latern5.prefab
  artifactKey: Guid(5cc22dee4f3a39f48bbb851c41003c8c) Importer(815301076,1909f56bfc062723c751e8b465ee728b)
Start importing Assets/Laterns and candles/Prefabs/Latern5.prefab using Guid(5cc22dee4f3a39f48bbb851c41003c8c) Importer(815301076,1909f56bfc062723c751e8b465ee728b)  -> (artifact id: '9baf27e6bfa5e637d9f5f6c6909ead5b') in 0.018341 seconds 
========================================================================
Received Import Request.
  Time since last request: 0.000029 seconds.
  path: Assets/Laterns and candles/Prefabs/Latern2.prefab
  artifactKey: Guid(68f8cf3372c588f4a94bf2c9bd255d3b) Importer(815301076,1909f56bfc062723c751e8b465ee728b)
Start importing Assets/Laterns and candles/Prefabs/Latern2.prefab using Guid(68f8cf3372c588f4a94bf2c9bd255d3b) Importer(815301076,1909f56bfc062723c751e8b465ee728b)  -> (artifact id: '2d9504a8f62e8f4468d837bcce61127c') in 0.015900 seconds 
========================================================================
Received Import Request.
  Time since last request: 18.219384 seconds.
  path: Assets/New Terrain.asset
  artifactKey: Guid(1f26355600b68f24a99220c5cb25b4a3) Importer(815301076,1909f56bfc062723c751e8b465ee728b)
Start importing Assets/New Terrain.asset using Guid(1f26355600b68f24a99220c5cb25b4a3) Importer(815301076,1909f56bfc062723c751e8b465ee728b)  -> (artifact id: '4cb2c86e9f8188cc32d6496a2b91f2ce') in 0.015083 seconds 
========================================================================
Received Prepare
Registering precompiled user dll's ...
Registered in 0.002606 seconds.
Begin MonoManager ReloadAssembly
Symbol file LoadedFromMemory doesn't match image D:\unity\Prototype 1\Library\PackageCache\com.unity.visualscripting@1.8.0\Editor\VisualScripting.Core\Dependencies\YamlDotNet\Unity.VisualScripting.YamlDotNet.dll
Symbol file LoadedFromMemory doesn't match image D:\unity\Prototype 1\Library\PackageCache\com.unity.visualscripting@1.8.0\Editor\VisualScripting.Core\Dependencies\DotNetZip\Unity.VisualScripting.IonicZip.dll
Native extension for WindowsStandalone target not found
Native extension for WebGL target not found
Refreshing native plugins compatible for Editor in 0.46 ms, found 3 plugins.
Preloading 0 native plugins for Editor in 0.00 ms.
Mono: successfully reloaded assembly
- Completed reload, in  0.719 seconds
Domain Reload Profiling:
	ReloadAssembly (720ms)
		BeginReloadAssembly (109ms)
			ExecutionOrderSort (0ms)
			DisableScriptedObjects (3ms)
			BackupInstance (0ms)
			ReleaseScriptingObjects (0ms)
			CreateAndSetChildDomain (32ms)
		EndReloadAssembly (543ms)
			LoadAssemblies (67ms)
			RebuildTransferFunctionScriptingTraits (0ms)
			SetupTypeCache (206ms)
			ReleaseScriptCaches (1ms)
			RebuildScriptCaches (31ms)
			SetupLoadedEditorAssemblies (213ms)
				LogAssemblyErrors (0ms)
				InitializePlatformSupportModulesInManaged (5ms)
				SetLoadedEditorAssemblies (0ms)
				RefreshPlugins (1ms)
				BeforeProcessingInitializeOnLoad (43ms)
				ProcessInitializeOnLoadAttributes (147ms)
				ProcessInitializeOnLoadMethodAttributes (13ms)
				AfterProcessingInitializeOnLoad (3ms)
				EditorAssembliesLoaded (0ms)
			ExecutionOrderSort2 (0ms)
			AwakeInstancesAfterBackupRestoration (6ms)
Platform modules already initialized, skipping
Refreshing native plugins compatible for Editor in 1.29 ms, found 3 plugins.
Preloading 0 native plugins for Editor in 0.00 ms.
Unloading 3044 Unused Serialized files (Serialized files now loaded: 0)
Unloading 19 unused Assets / (80.3 KB). Loaded Objects now: 3588.
Memory consumption went from 124.9 MB to 124.9 MB.
Total: 2.233100 ms (FindLiveObjects: 0.217000 ms CreateObjectMapping: 0.070000 ms MarkObjects: 1.873400 ms  DeleteObjects: 0.072000 ms)

AssetImportParameters requested are different than current active one (requested -> active):
  custom:video-decoder-ogg-theora: a1e56fd34408186e4bbccfd4996cb3dc -> 
  custom:container-muxer-webm: aa71ff27fc2769a1b78a27578f13a17b -> 
  custom:container-demuxer-webm: 4f35f7cbe854078d1ac9338744f61a02 -> 
  custom:video-encoder-webm-vp8: eb34c28f22e8b96e1ab97ce403110664 -> 
  custom:audio-encoder-webm-vorbis: bf7c407c2cedff20999df2af8eb42d56 -> 
  custom:framework-win-MediaFoundation: 216162199b28c13a410421893ffa2e32 -> 
  custom:container-demuxer-ogg: 62fdf1f143b41e24485cea50d1cbac27 -> 
  custom:video-decoder-webm-vp8: 9c59270c3fd7afecdb556c50c9e8de78 -> 
  custom:audio-decoder-ogg-vorbis: bf7c407c2cedff20999df2af8eb42d56 -> 
========================================================================
Received Import Request.
  Time since last request: 60.028181 seconds.
  path: Packages/com.unity.textmeshpro/Editor Resources/Textures/btn_AlignCenterGeo.psd
  artifactKey: Guid(c76700ea0062413d9f69409b4e9e151b) Importer(815301076,1909f56bfc062723c751e8b465ee728b)
Start importing Packages/com.unity.textmeshpro/Editor Resources/Textures/btn_AlignCenterGeo.psd using Guid(c76700ea0062413d9f69409b4e9e151b) Importer(815301076,1909f56bfc062723c751e8b465ee728b)  -> (artifact id: '9999cf0cd4802b21f76313d763efcc08') in 0.099795 seconds 
========================================================================
Received Import Request.
  Time since last request: 0.000022 seconds.
  path: Packages/com.unity.textmeshpro/Editor Resources/Textures/btn_AlignRight.psd
  artifactKey: Guid(342a0f8aca7f4f0691338912faec0494) Importer(815301076,1909f56bfc062723c751e8b465ee728b)
Start importing Packages/com.unity.textmeshpro/Editor Resources/Textures/btn_AlignRight.psd using Guid(342a0f8aca7f4f0691338912faec0494) Importer(815301076,1909f56bfc062723c751e8b465ee728b)  -> (artifact id: 'b1a82a7997156e660fae143ee1d71766') in 0.023973 seconds 
========================================================================
Received Import Request.
  Time since last request: 4.266053 seconds.
  path: Packages/com.unity.testtools.codecoverage/Editor/Icons/d_FolderOpened.png
  artifactKey: Guid(663a080499383ea4e9297061febf5ef7) Importer(815301076,1909f56bfc062723c751e8b465ee728b)
Start importing Packages/com.unity.testtools.codecoverage/Editor/Icons/d_FolderOpened.png using Guid(663a080499383ea4e9297061febf5ef7) Importer(815301076,1909f56bfc062723c751e8b465ee728b)  -> (artifact id: 'e28e71446d0e636bccf0454320b73509') in 0.031485 seconds 
========================================================================
Received Import Request.
  Time since last request: 0.000015 seconds.
  path: Packages/com.unity.testtools.codecoverage/Editor/Icons/FolderOpened@2x.png
  artifactKey: Guid(dd4bd79e2c603964e8cbf04d0851a210) Importer(815301076,1909f56bfc062723c751e8b465ee728b)
Start importing Packages/com.unity.testtools.codecoverage/Editor/Icons/FolderOpened@2x.png using Guid(dd4bd79e2c603964e8cbf04d0851a210) Importer(815301076,1909f56bfc062723c751e8b465ee728b)  -> (artifact id: '698aef18065e4fca6cf8617c37c2f911') in 0.053174 seconds 
========================================================================
Received Import Request.
  Time since last request: 0.000018 seconds.
  path: Assets/Course Library/_Source_Files/Textures/road-tiled.png
  artifactKey: Guid(d41b87a3f40e2ef459de5656fcaf00e9) Importer(815301076,1909f56bfc062723c751e8b465ee728b)
Start importing Assets/Course Library/_Source_Files/Textures/road-tiled.png using Guid(d41b87a3f40e2ef459de5656fcaf00e9) Importer(815301076,1909f56bfc062723c751e8b465ee728b)  -> (artifact id: 'e2ceafd8c1c451f3f414f8a0afee074d') in 0.016854 seconds 
Editor requested this worker to shutdown with reason: Scaling down because of idle timeout
AssetImportWorker is now disconnected from the server
Process exiting
Exiting without the bug reporter. Application will terminate with return code 0