Using pre-set license
Built from '2021.3/staging' branch; Version is '2021.3.24f1 (cf10dcf7010d) revision 13570268'; Using compiler version '192829333'; Build Type 'Release'
OS: 'Windows 10  (10.0.19045) 64bit Core' Language: 'en' Physical Memory: 32693 MB
BatchMode: 1, IsHumanControllingUs: 0, StartBugReporterOnCrash: 0, Is64bit: 1, IsPro: 1

COMMAND LINE ARGUMENTS:
D:\unity\2021.3.24f1\Editor\Unity.exe
-adb2
-batchMode
-noUpm
-name
AssetImportWorker2
-projectPath
D:/unity/Prototype 1
-logFile
Logs/AssetImportWorker2.log
-srvPort
63998
Successfully changed project path to: D:/unity/Prototype 1
D:/unity/Prototype 1
[UnityMemory] Configuration Parameters - Can be set up in boot.config
    "memorysetup-bucket-allocator-granularity=16"
    "memorysetup-bucket-allocator-bucket-count=8"
    "memorysetup-bucket-allocator-block-size=33554432"
    "memorysetup-bucket-allocator-block-count=8"
    "memorysetup-main-allocator-block-size=16777216"
    "memorysetup-thread-allocator-block-size=16777216"
    "memorysetup-gfx-main-allocator-block-size=16777216"
    "memorysetup-gfx-thread-allocator-block-size=16777216"
    "memorysetup-cache-allocator-block-size=4194304"
    "memorysetup-typetree-allocator-block-size=2097152"
    "memorysetup-profiler-bucket-allocator-granularity=16"
    "memorysetup-profiler-bucket-allocator-bucket-count=8"
    "memorysetup-profiler-bucket-allocator-block-size=33554432"
    "memorysetup-profiler-bucket-allocator-block-count=8"
    "memorysetup-profiler-allocator-block-size=16777216"
    "memorysetup-profiler-editor-allocator-block-size=1048576"
    "memorysetup-temp-allocator-size-main=16777216"
    "memorysetup-job-temp-allocator-block-size=2097152"
    "memorysetup-job-temp-allocator-block-size-background=1048576"
    "memorysetup-job-temp-allocator-reduction-small-platforms=262144"
    "memorysetup-temp-allocator-size-background-worker=32768"
    "memorysetup-temp-allocator-size-job-worker=262144"
    "memorysetup-temp-allocator-size-preload-manager=33554432"
    "memorysetup-temp-allocator-size-nav-mesh-worker=65536"
    "memorysetup-temp-allocator-size-audio-worker=65536"
    "memorysetup-temp-allocator-size-cloud-worker=32768"
    "memorysetup-temp-allocator-size-gi-baking-worker=262144"
    "memorysetup-temp-allocator-size-gfx=262144"
Player connection [12004] Host "[IP] 10.28.132.147 [Port] 0 [Flags] 2 [Guid] 1332246128 [EditorId] 1332246128 [Version] 1048832 [Id] WindowsEditor(7,DESKTOP-BL1ECVS) [Debug] 1 [PackageName] WindowsEditor [ProjectName] Editor" joined multi-casting on [225.0.0.222:54997]...

Player connection [12004] Host "[IP] 10.28.132.147 [Port] 0 [Flags] 2 [Guid] 1332246128 [EditorId] 1332246128 [Version] 1048832 [Id] WindowsEditor(7,DESKTOP-BL1ECVS) [Debug] 1 [PackageName] WindowsEditor [ProjectName] Editor" joined alternative multi-casting on [225.0.0.222:34997]...

Refreshing native plugins compatible for Editor in 64.44 ms, found 3 plugins.
Preloading 0 native plugins for Editor in 0.00 ms.
Initialize engine version: 2021.3.24f1 (cf10dcf7010d)
[Subsystems] Discovering subsystems at path D:/unity/2021.3.24f1/Editor/Data/Resources/UnitySubsystems
[Subsystems] Discovering subsystems at path D:/unity/Prototype 1/Assets
GfxDevice: creating device client; threaded=0; jobified=0
Direct3D:
    Version:  Direct3D 11.0 [level 11.1]
    Renderer: NVIDIA GeForce RTX 3060 Ti (ID=0x2414)
    Vendor:   NVIDIA
    VRAM:     8038 MB
    Driver:   31.0.15.3179
Initialize mono
Mono path[0] = 'D:/unity/2021.3.24f1/Editor/Data/Managed'
Mono path[1] = 'D:/unity/2021.3.24f1/Editor/Data/MonoBleedingEdge/lib/mono/unityjit-win32'
Mono config path = 'D:/unity/2021.3.24f1/Editor/Data/MonoBleedingEdge/etc'
Using monoOptions --debugger-agent=transport=dt_socket,embedding=1,server=y,suspend=n,address=127.0.0.1:56552
Begin MonoManager ReloadAssembly
Registering precompiled unity dll's ...
Register platform support module: D:/unity/2021.3.24f1/Editor/Data/PlaybackEngines/WebGLSupport/UnityEditor.WebGL.Extensions.dll
Register platform support module: D:/unity/2021.3.24f1/Editor/Data/PlaybackEngines/WindowsStandaloneSupport/UnityEditor.WindowsStandalone.Extensions.dll
Registered in 0.002563 seconds.
Native extension for WindowsStandalone target not found
Native extension for WebGL target not found
Refreshing native plugins compatible for Editor in 52.85 ms, found 3 plugins.
Preloading 0 native plugins for Editor in 0.00 ms.
Mono: successfully reloaded assembly
- Completed reload, in  0.439 seconds
Domain Reload Profiling:
	ReloadAssembly (440ms)
		BeginReloadAssembly (57ms)
			ExecutionOrderSort (0ms)
			DisableScriptedObjects (0ms)
			BackupInstance (0ms)
			ReleaseScriptingObjects (0ms)
			CreateAndSetChildDomain (1ms)
		EndReloadAssembly (318ms)
			LoadAssemblies (56ms)
			RebuildTransferFunctionScriptingTraits (0ms)
			SetupTypeCache (67ms)
			ReleaseScriptCaches (0ms)
			RebuildScriptCaches (20ms)
			SetupLoadedEditorAssemblies (198ms)
				LogAssemblyErrors (0ms)
				InitializePlatformSupportModulesInManaged (6ms)
				SetLoadedEditorAssemblies (0ms)
				RefreshPlugins (53ms)
				BeforeProcessingInitializeOnLoad (1ms)
				ProcessInitializeOnLoadAttributes (106ms)
				ProcessInitializeOnLoadMethodAttributes (32ms)
				AfterProcessingInitializeOnLoad (0ms)
				EditorAssembliesLoaded (0ms)
			ExecutionOrderSort2 (0ms)
			AwakeInstancesAfterBackupRestoration (0ms)
Platform modules already initialized, skipping
Registering precompiled user dll's ...
Registered in 0.004102 seconds.
Begin MonoManager ReloadAssembly
Symbol file LoadedFromMemory doesn't match image D:\unity\Prototype 1\Library\PackageCache\com.unity.visualscripting@1.8.0\Editor\VisualScripting.Core\Dependencies\YamlDotNet\Unity.VisualScripting.YamlDotNet.dll
Symbol file LoadedFromMemory doesn't match image D:\unity\Prototype 1\Library\PackageCache\com.unity.visualscripting@1.8.0\Editor\VisualScripting.Core\Dependencies\DotNetZip\Unity.VisualScripting.IonicZip.dll
Native extension for WindowsStandalone target not found
Native extension for WebGL target not found
Refreshing native plugins compatible for Editor in 0.48 ms, found 3 plugins.
Preloading 0 native plugins for Editor in 0.00 ms.
Mono: successfully reloaded assembly
- Completed reload, in  0.658 seconds
Domain Reload Profiling:
	ReloadAssembly (659ms)
		BeginReloadAssembly (81ms)
			ExecutionOrderSort (0ms)
			DisableScriptedObjects (4ms)
			BackupInstance (0ms)
			ReleaseScriptingObjects (0ms)
			CreateAndSetChildDomain (16ms)
		EndReloadAssembly (505ms)
			LoadAssemblies (58ms)
			RebuildTransferFunctionScriptingTraits (0ms)
			SetupTypeCache (166ms)
			ReleaseScriptCaches (0ms)
			RebuildScriptCaches (32ms)
			SetupLoadedEditorAssemblies (229ms)
				LogAssemblyErrors (0ms)
				InitializePlatformSupportModulesInManaged (4ms)
				SetLoadedEditorAssemblies (0ms)
				RefreshPlugins (1ms)
				BeforeProcessingInitializeOnLoad (52ms)
				ProcessInitializeOnLoadAttributes (158ms)
				ProcessInitializeOnLoadMethodAttributes (13ms)
				AfterProcessingInitializeOnLoad (2ms)
				EditorAssembliesLoaded (0ms)
			ExecutionOrderSort2 (0ms)
			AwakeInstancesAfterBackupRestoration (4ms)
Platform modules already initialized, skipping
========================================================================
Worker process is ready to serve import requests
Launched and connected shader compiler UnityShaderCompiler.exe after 0.03 seconds
Refreshing native plugins compatible for Editor in 0.60 ms, found 3 plugins.
Preloading 0 native plugins for Editor in 0.00 ms.
Unloading 3049 Unused Serialized files (Serialized files now loaded: 0)
Unloading 24 unused Assets / (113.6 KB). Loaded Objects now: 3524.
Memory consumption went from 119.7 MB to 119.6 MB.
Total: 2.446300 ms (FindLiveObjects: 0.220300 ms CreateObjectMapping: 0.076400 ms MarkObjects: 2.057600 ms  DeleteObjects: 0.091100 ms)

AssetImportParameters requested are different than current active one (requested -> active):
  custom:video-decoder-ogg-theora: a1e56fd34408186e4bbccfd4996cb3dc -> 
  custom:container-muxer-webm: aa71ff27fc2769a1b78a27578f13a17b -> 
  custom:container-demuxer-webm: 4f35f7cbe854078d1ac9338744f61a02 -> 
  custom:video-encoder-webm-vp8: eb34c28f22e8b96e1ab97ce403110664 -> 
  custom:audio-encoder-webm-vorbis: bf7c407c2cedff20999df2af8eb42d56 -> 
  custom:framework-win-MediaFoundation: 216162199b28c13a410421893ffa2e32 -> 
  custom:container-demuxer-ogg: 62fdf1f143b41e24485cea50d1cbac27 -> 
  custom:video-decoder-webm-vp8: 9c59270c3fd7afecdb556c50c9e8de78 -> 
  custom:audio-decoder-ogg-vorbis: bf7c407c2cedff20999df2af8eb42d56 -> 
========================================================================
Received Import Request.
  Time since last request: 60165.677548 seconds.
  path: Packages/com.unity.collab-proxy/Editor/PlasticSCM/Assets/Images/d_iconemptygravatar.png
  artifactKey: Guid(9aebd705574f9e642aef1e5f59b3e4d8) Importer(815301076,1909f56bfc062723c751e8b465ee728b)
Start importing Packages/com.unity.collab-proxy/Editor/PlasticSCM/Assets/Images/d_iconemptygravatar.png using Guid(9aebd705574f9e642aef1e5f59b3e4d8) Importer(815301076,1909f56bfc062723c751e8b465ee728b)  -> (artifact id: '44e4baacd1dc2df17373783811bf0bd3') in 0.091851 seconds 
========================================================================
Received Import Request.
  Time since last request: 0.000025 seconds.
  path: Packages/com.unity.timeline/Editor/StyleSheets/Images/DarkSkin/TimelineDisabledBackground.png
  artifactKey: Guid(412f73153f3a3c549b67b2a847741145) Importer(815301076,1909f56bfc062723c751e8b465ee728b)
Start importing Packages/com.unity.timeline/Editor/StyleSheets/Images/DarkSkin/TimelineDisabledBackground.png using Guid(412f73153f3a3c549b67b2a847741145) Importer(815301076,1909f56bfc062723c751e8b465ee728b)  -> (artifact id: 'd1be5b026463ed0e74a4080fe20ad367') in 0.067226 seconds 
========================================================================
Received Import Request.
  Time since last request: 80.478848 seconds.
  path: Assets/MedievalTownExteriors/Terrain/Demo_Terrain.asset
  artifactKey: Guid(cd71c8a14f2c40c4facca03eb05ed00b) Importer(815301076,1909f56bfc062723c751e8b465ee728b)
Start importing Assets/MedievalTownExteriors/Terrain/Demo_Terrain.asset using Guid(cd71c8a14f2c40c4facca03eb05ed00b) Importer(815301076,1909f56bfc062723c751e8b465ee728b)  -> (artifact id: 'e5bfe8154d71906c086b53b601748e5c') in 0.055787 seconds 
========================================================================
Received Import Request.
  Time since last request: 1.088962 seconds.
  path: Assets/MedievalTownExteriors/Textures/Building_Texture.tga
  artifactKey: Guid(a78bc10e4f44759458a318112a8705d8) Importer(815301076,1909f56bfc062723c751e8b465ee728b)
Start importing Assets/MedievalTownExteriors/Textures/Building_Texture.tga using Guid(a78bc10e4f44759458a318112a8705d8) Importer(815301076,1909f56bfc062723c751e8b465ee728b)  -> (artifact id: 'a0765319cdb4741b6bc28c1d2e69d044') in 0.019363 seconds 
========================================================================
Received Import Request.
  Time since last request: 12.545819 seconds.
  path: Assets/MedievalTownExteriors/_TerrainAutoUpgrade/layer_Grass_Texture(4.000,4.000)(0.000,0.000)(0.000,0.000,0.000),0.000,0.000.terrainlayer
  artifactKey: Guid(ea2e05e090ec77148b8279ec23d36187) Importer(815301076,1909f56bfc062723c751e8b465ee728b)
Start importing Assets/MedievalTownExteriors/_TerrainAutoUpgrade/layer_Grass_Texture(4.000,4.000)(0.000,0.000)(0.000,0.000,0.000),0.000,0.000.terrainlayer using Guid(ea2e05e090ec77148b8279ec23d36187) Importer(815301076,1909f56bfc062723c751e8b465ee728b)  -> (artifact id: 'd795eb0685fdc72e45e3155968c9efc0') in 0.028969 seconds 
========================================================================
Received Import Request.
  Time since last request: 1.851235 seconds.
  path: Assets/MedievalTownExteriors/Materials/Building_Texture.mat
  artifactKey: Guid(88198c791a716b9479c2f987a2cdab6e) Importer(815301076,1909f56bfc062723c751e8b465ee728b)
Start importing Assets/MedievalTownExteriors/Materials/Building_Texture.mat using Guid(88198c791a716b9479c2f987a2cdab6e) Importer(815301076,1909f56bfc062723c751e8b465ee728b)  -> (artifact id: 'dafee2b8005959c24287ee2ceed93902') in 0.224922 seconds 
========================================================================
Received Import Request.
  Time since last request: 6.123374 seconds.
  path: Assets/MedievalTownExteriors/Meshes/Barrel.fbx
  artifactKey: Guid(9cb9de2fa58928944a5ced7e6b047238) Importer(815301076,1909f56bfc062723c751e8b465ee728b)
Start importing Assets/MedievalTownExteriors/Meshes/Barrel.fbx using Guid(9cb9de2fa58928944a5ced7e6b047238) Importer(815301076,1909f56bfc062723c751e8b465ee728b)  -> (artifact id: '2cb793314e94837dd88d365fef00a731') in 0.082308 seconds 
========================================================================
Received Import Request.
  Time since last request: 0.000015 seconds.
  path: Assets/MedievalTownExteriors/Meshes/Building_a.fbx
  artifactKey: Guid(bd7499ff3c8bdca46813786bafe4e331) Importer(815301076,1909f56bfc062723c751e8b465ee728b)
Start importing Assets/MedievalTownExteriors/Meshes/Building_a.fbx using Guid(bd7499ff3c8bdca46813786bafe4e331) Importer(815301076,1909f56bfc062723c751e8b465ee728b)  -> (artifact id: '39cd86132cc91a9f9207a316668d1315') in 0.019296 seconds 
========================================================================
Received Import Request.
  Time since last request: 0.000019 seconds.
  path: Assets/MedievalTownExteriors/Meshes/Building_c_collider.fbx
  artifactKey: Guid(2504be7eb69b8d64eb52456b112b1623) Importer(815301076,1909f56bfc062723c751e8b465ee728b)
Start importing Assets/MedievalTownExteriors/Meshes/Building_c_collider.fbx using Guid(2504be7eb69b8d64eb52456b112b1623) Importer(815301076,1909f56bfc062723c751e8b465ee728b)  -> (artifact id: '81f488446d2ee05c02de91a2b5c16a2c') in 0.021783 seconds 
========================================================================
Received Import Request.
  Time since last request: 0.000018 seconds.
  path: Assets/MedievalTownExteriors/Meshes/Building_b.fbx
  artifactKey: Guid(44d5a16e059aef84b864c5ddf0ebcdde) Importer(815301076,1909f56bfc062723c751e8b465ee728b)
Start importing Assets/MedievalTownExteriors/Meshes/Building_b.fbx using Guid(44d5a16e059aef84b864c5ddf0ebcdde) Importer(815301076,1909f56bfc062723c751e8b465ee728b)  -> (artifact id: '1a17b7285f417c51aeb4b396d449016a') in 0.020065 seconds 
========================================================================
Received Import Request.
  Time since last request: 0.000014 seconds.
  path: Assets/MedievalTownExteriors/Meshes/Cart_a.fbx
  artifactKey: Guid(84e347959058f664f8aa7ea1fbe027c3) Importer(815301076,1909f56bfc062723c751e8b465ee728b)
Start importing Assets/MedievalTownExteriors/Meshes/Cart_a.fbx using Guid(84e347959058f664f8aa7ea1fbe027c3) Importer(815301076,1909f56bfc062723c751e8b465ee728b)  -> (artifact id: 'c1516ab606eaee65c7a6fdcd0ac1111b') in 0.034386 seconds 
========================================================================
Received Import Request.
  Time since last request: 0.000019 seconds.
  path: Assets/MedievalTownExteriors/Meshes/Building_d_collider.fbx
  artifactKey: Guid(cfc4f2e2573cec443921be97e48247c8) Importer(815301076,1909f56bfc062723c751e8b465ee728b)
Start importing Assets/MedievalTownExteriors/Meshes/Building_d_collider.fbx using Guid(cfc4f2e2573cec443921be97e48247c8) Importer(815301076,1909f56bfc062723c751e8b465ee728b)  -> (artifact id: 'b86e263ead7958c151a10cbafe07de12') in 0.020796 seconds 
========================================================================
Received Import Request.
  Time since last request: 0.000027 seconds.
  path: Assets/MedievalTownExteriors/Meshes/Building_b_collider.fbx
  artifactKey: Guid(190601c6ad4761d45b65274b5f33fb3d) Importer(815301076,1909f56bfc062723c751e8b465ee728b)
Start importing Assets/MedievalTownExteriors/Meshes/Building_b_collider.fbx using Guid(190601c6ad4761d45b65274b5f33fb3d) Importer(815301076,1909f56bfc062723c751e8b465ee728b)  -> (artifact id: 'a36c41597e481d0e0959a56652e4fe28') in 0.030382 seconds 
========================================================================
Received Import Request.
  Time since last request: 0.000014 seconds.
  path: Assets/MedievalTownExteriors/Meshes/Building_f.fbx
  artifactKey: Guid(29e40ab38a9e80c4c97af51e1991328f) Importer(815301076,1909f56bfc062723c751e8b465ee728b)
Start importing Assets/MedievalTownExteriors/Meshes/Building_f.fbx using Guid(29e40ab38a9e80c4c97af51e1991328f) Importer(815301076,1909f56bfc062723c751e8b465ee728b)  -> (artifact id: '445e7a624904d485a855cf06de22feb0') in 0.013344 seconds 
========================================================================
Received Import Request.
  Time since last request: 0.000017 seconds.
  path: Assets/MedievalTownExteriors/Meshes/Building_c.fbx
  artifactKey: Guid(6a5d1ad4cb7517d4f9337e679d93fa92) Importer(815301076,1909f56bfc062723c751e8b465ee728b)
Start importing Assets/MedievalTownExteriors/Meshes/Building_c.fbx using Guid(6a5d1ad4cb7517d4f9337e679d93fa92) Importer(815301076,1909f56bfc062723c751e8b465ee728b)  -> (artifact id: '32c6d21d00f3970faee394f48fb8cae2') in 0.025354 seconds 
========================================================================
Received Import Request.
  Time since last request: 0.000014 seconds.
  path: Assets/MedievalTownExteriors/Meshes/Building_a_collider.fbx
  artifactKey: Guid(0b9e19ddcee36b64284e78e539998427) Importer(815301076,1909f56bfc062723c751e8b465ee728b)
Start importing Assets/MedievalTownExteriors/Meshes/Building_a_collider.fbx using Guid(0b9e19ddcee36b64284e78e539998427) Importer(815301076,1909f56bfc062723c751e8b465ee728b)  -> (artifact id: '7334c4f6a641383746917607e56f575d') in 0.018202 seconds 
========================================================================
Received Import Request.
  Time since last request: 0.000014 seconds.
  path: Assets/MedievalTownExteriors/Meshes/Building_e.fbx
  artifactKey: Guid(72d774634d8ef6b4b964b120daf28ee3) Importer(815301076,1909f56bfc062723c751e8b465ee728b)
Start importing Assets/MedievalTownExteriors/Meshes/Building_e.fbx using Guid(72d774634d8ef6b4b964b120daf28ee3) Importer(815301076,1909f56bfc062723c751e8b465ee728b)  -> (artifact id: '866e31f1226e259ff8982bca8f6e917a') in 0.012449 seconds 
========================================================================
Received Import Request.
  Time since last request: 0.482421 seconds.
  path: Assets/MedievalTownExteriors/Particles/Flies.prefab
  artifactKey: Guid(56a9e7cedd21b5c4e814e83fb02406b8) Importer(815301076,1909f56bfc062723c751e8b465ee728b)
Start importing Assets/MedievalTownExteriors/Particles/Flies.prefab using Guid(56a9e7cedd21b5c4e814e83fb02406b8) Importer(815301076,1909f56bfc062723c751e8b465ee728b)  -> (artifact id: '3be6df197965a91163aab2000edb580c') in 0.051638 seconds 
========================================================================
Received Import Request.
  Time since last request: 0.000016 seconds.
  path: Assets/MedievalTownExteriors/Particles/Polen.prefab
  artifactKey: Guid(02b44bc98512ef547bac7db108a4638c) Importer(815301076,1909f56bfc062723c751e8b465ee728b)
Start importing Assets/MedievalTownExteriors/Particles/Polen.prefab using Guid(02b44bc98512ef547bac7db108a4638c) Importer(815301076,1909f56bfc062723c751e8b465ee728b)  -> (artifact id: '0842423b10e1a1aa3e2a7aa038f15d4f') in 0.007908 seconds 
========================================================================
Received Import Request.
  Time since last request: 0.687136 seconds.
  path: Assets/MedievalTownExteriors/Prefabs/Barrel.prefab
  artifactKey: Guid(28f91da9598e39e419f3030684719fcc) Importer(815301076,1909f56bfc062723c751e8b465ee728b)
Start importing Assets/MedievalTownExteriors/Prefabs/Barrel.prefab using Guid(28f91da9598e39e419f3030684719fcc) Importer(815301076,1909f56bfc062723c751e8b465ee728b)  -> (artifact id: '7630994c2ffacf827bd7fc9682c96b6e') in 0.009557 seconds 
========================================================================
Received Import Request.
  Time since last request: 0.000015 seconds.
  path: Assets/MedievalTownExteriors/Prefabs/Building_d.prefab
  artifactKey: Guid(60a80932f15a9b5428719cf63049a198) Importer(815301076,1909f56bfc062723c751e8b465ee728b)
Start importing Assets/MedievalTownExteriors/Prefabs/Building_d.prefab using Guid(60a80932f15a9b5428719cf63049a198) Importer(815301076,1909f56bfc062723c751e8b465ee728b)  -> (artifact id: '73384b0a2ee538c80f44a40912192c28') in 0.009849 seconds 
========================================================================
Received Import Request.
  Time since last request: 0.000016 seconds.
  path: Assets/MedievalTownExteriors/Prefabs/Building_e.prefab
  artifactKey: Guid(b446cb707004e444d8324ec6f1c8888b) Importer(815301076,1909f56bfc062723c751e8b465ee728b)
Start importing Assets/MedievalTownExteriors/Prefabs/Building_e.prefab using Guid(b446cb707004e444d8324ec6f1c8888b) Importer(815301076,1909f56bfc062723c751e8b465ee728b)  -> (artifact id: 'd09428756c414fb8f5a3ddd590240812') in 0.009383 seconds 
========================================================================
Received Import Request.
  Time since last request: 0.000015 seconds.
  path: Assets/MedievalTownExteriors/Prefabs/Food_a.prefab
  artifactKey: Guid(476ff10f814027049bac68615b745867) Importer(815301076,1909f56bfc062723c751e8b465ee728b)
Start importing Assets/MedievalTownExteriors/Prefabs/Food_a.prefab using Guid(476ff10f814027049bac68615b745867) Importer(815301076,1909f56bfc062723c751e8b465ee728b)  -> (artifact id: '196abeb08027791e75352847cdfb11c8') in 0.009419 seconds 
========================================================================
Received Import Request.
  Time since last request: 0.000014 seconds.
  path: Assets/MedievalTownExteriors/Prefabs/Fence_a.prefab
  artifactKey: Guid(950c0a0cf14577549b026c95956a3c99) Importer(815301076,1909f56bfc062723c751e8b465ee728b)
Start importing Assets/MedievalTownExteriors/Prefabs/Fence_a.prefab using Guid(950c0a0cf14577549b026c95956a3c99) Importer(815301076,1909f56bfc062723c751e8b465ee728b)  -> (artifact id: '71b4d89da962763330f031c6ed207ba4') in 0.009770 seconds 
========================================================================
Received Import Request.
  Time since last request: 0.000017 seconds.
  path: Assets/MedievalTownExteriors/Prefabs/Cart_Wheel_b.prefab
  artifactKey: Guid(acd706c9351b77a4c80570beb022be19) Importer(815301076,1909f56bfc062723c751e8b465ee728b)
Start importing Assets/MedievalTownExteriors/Prefabs/Cart_Wheel_b.prefab using Guid(acd706c9351b77a4c80570beb022be19) Importer(815301076,1909f56bfc062723c751e8b465ee728b)  -> (artifact id: '57773c95eb7c91c6d639e75d262aa105') in 0.009631 seconds 
========================================================================
Received Import Request.
  Time since last request: 0.000014 seconds.
  path: Assets/MedievalTownExteriors/Prefabs/Crate.prefab
  artifactKey: Guid(abf604235fd5ccd4798c42e6b60b0ae4) Importer(815301076,1909f56bfc062723c751e8b465ee728b)
Start importing Assets/MedievalTownExteriors/Prefabs/Crate.prefab using Guid(abf604235fd5ccd4798c42e6b60b0ae4) Importer(815301076,1909f56bfc062723c751e8b465ee728b)  -> (artifact id: '000201f30c4e9f3503bd1a01311d5097') in 0.009863 seconds 
========================================================================
Received Import Request.
  Time since last request: 0.000014 seconds.
  path: Assets/MedievalTownExteriors/Prefabs/Cart_Wheel_a.prefab
  artifactKey: Guid(ffd08d298f9a9e44e9dd936fb4e3a38e) Importer(815301076,1909f56bfc062723c751e8b465ee728b)
Start importing Assets/MedievalTownExteriors/Prefabs/Cart_Wheel_a.prefab using Guid(ffd08d298f9a9e44e9dd936fb4e3a38e) Importer(815301076,1909f56bfc062723c751e8b465ee728b)  -> (artifact id: '9ac9fabf5f03aaf7413501273cd7b49c') in 0.009084 seconds 
========================================================================
Received Import Request.
  Time since last request: 0.000014 seconds.
  path: Assets/MedievalTownExteriors/Prefabs/Fence_c.prefab
  artifactKey: Guid(b2e876bb6e0ba0a42b628002c60efe3b) Importer(815301076,1909f56bfc062723c751e8b465ee728b)
Start importing Assets/MedievalTownExteriors/Prefabs/Fence_c.prefab using Guid(b2e876bb6e0ba0a42b628002c60efe3b) Importer(815301076,1909f56bfc062723c751e8b465ee728b)  -> (artifact id: 'd6ab3f91aaaffae77c0581316dfd202e') in 0.009249 seconds 
Editor requested this worker to shutdown with reason: Scaling down because of idle timeout
AssetImportWorker is now disconnected from the server
Process exiting
Exiting without the bug reporter. Application will terminate with return code 0