Using pre-set license
Built from '2021.3/staging' branch; Version is '2021.3.24f1 (cf10dcf7010d) revision 13570268'; Using compiler version '192829333'; Build Type 'Release'
OS: 'Windows 10  (10.0.19045) 64bit Core' Language: 'en' Physical Memory: 32693 MB
BatchMode: 1, IsHumanControllingUs: 0, StartBugReporterOnCrash: 0, Is64bit: 1, IsPro: 1

COMMAND LINE ARGUMENTS:
D:\unity\2021.3.24f1\Editor\Unity.exe
-adb2
-batchMode
-noUpm
-name
AssetImportWorker9
-projectPath
D:/unity/Prototype 1
-logFile
Logs/AssetImportWorker9.log
-srvPort
63998
Successfully changed project path to: D:/unity/Prototype 1
D:/unity/Prototype 1
[UnityMemory] Configuration Parameters - Can be set up in boot.config
    "memorysetup-bucket-allocator-granularity=16"
    "memorysetup-bucket-allocator-bucket-count=8"
    "memorysetup-bucket-allocator-block-size=33554432"
    "memorysetup-bucket-allocator-block-count=8"
    "memorysetup-main-allocator-block-size=16777216"
    "memorysetup-thread-allocator-block-size=16777216"
    "memorysetup-gfx-main-allocator-block-size=16777216"
    "memorysetup-gfx-thread-allocator-block-size=16777216"
    "memorysetup-cache-allocator-block-size=4194304"
    "memorysetup-typetree-allocator-block-size=2097152"
    "memorysetup-profiler-bucket-allocator-granularity=16"
    "memorysetup-profiler-bucket-allocator-bucket-count=8"
    "memorysetup-profiler-bucket-allocator-block-size=33554432"
    "memorysetup-profiler-bucket-allocator-block-count=8"
    "memorysetup-profiler-allocator-block-size=16777216"
    "memorysetup-profiler-editor-allocator-block-size=1048576"
    "memorysetup-temp-allocator-size-main=16777216"
    "memorysetup-job-temp-allocator-block-size=2097152"
    "memorysetup-job-temp-allocator-block-size-background=1048576"
    "memorysetup-job-temp-allocator-reduction-small-platforms=262144"
    "memorysetup-temp-allocator-size-background-worker=32768"
    "memorysetup-temp-allocator-size-job-worker=262144"
    "memorysetup-temp-allocator-size-preload-manager=33554432"
    "memorysetup-temp-allocator-size-nav-mesh-worker=65536"
    "memorysetup-temp-allocator-size-audio-worker=65536"
    "memorysetup-temp-allocator-size-cloud-worker=32768"
    "memorysetup-temp-allocator-size-gi-baking-worker=262144"
    "memorysetup-temp-allocator-size-gfx=262144"
Player connection [27980] Host "[IP] 10.28.132.147 [Port] 0 [Flags] 2 [Guid] 1978682409 [EditorId] 1978682409 [Version] 1048832 [Id] WindowsEditor(7,DESKTOP-BL1ECVS) [Debug] 1 [PackageName] WindowsEditor [ProjectName] Editor" joined multi-casting on [225.0.0.222:54997]...

Player connection [27980] Host "[IP] 10.28.132.147 [Port] 0 [Flags] 2 [Guid] 1978682409 [EditorId] 1978682409 [Version] 1048832 [Id] WindowsEditor(7,DESKTOP-BL1ECVS) [Debug] 1 [PackageName] WindowsEditor [ProjectName] Editor" joined alternative multi-casting on [225.0.0.222:34997]...

Refreshing native plugins compatible for Editor in 53.47 ms, found 3 plugins.
Preloading 0 native plugins for Editor in 0.00 ms.
Initialize engine version: 2021.3.24f1 (cf10dcf7010d)
[Subsystems] Discovering subsystems at path D:/unity/2021.3.24f1/Editor/Data/Resources/UnitySubsystems
[Subsystems] Discovering subsystems at path D:/unity/Prototype 1/Assets
GfxDevice: creating device client; threaded=0; jobified=0
Direct3D:
    Version:  Direct3D 11.0 [level 11.1]
    Renderer: NVIDIA GeForce RTX 3060 Ti (ID=0x2414)
    Vendor:   NVIDIA
    VRAM:     8038 MB
    Driver:   31.0.15.3179
Initialize mono
Mono path[0] = 'D:/unity/2021.3.24f1/Editor/Data/Managed'
Mono path[1] = 'D:/unity/2021.3.24f1/Editor/Data/MonoBleedingEdge/lib/mono/unityjit-win32'
Mono config path = 'D:/unity/2021.3.24f1/Editor/Data/MonoBleedingEdge/etc'
Using monoOptions --debugger-agent=transport=dt_socket,embedding=1,server=y,suspend=n,address=127.0.0.1:56416
Begin MonoManager ReloadAssembly
Registering precompiled unity dll's ...
Register platform support module: D:/unity/2021.3.24f1/Editor/Data/PlaybackEngines/WebGLSupport/UnityEditor.WebGL.Extensions.dll
Register platform support module: D:/unity/2021.3.24f1/Editor/Data/PlaybackEngines/WindowsStandaloneSupport/UnityEditor.WindowsStandalone.Extensions.dll
Registered in 0.002250 seconds.
Native extension for WindowsStandalone target not found
Native extension for WebGL target not found
Refreshing native plugins compatible for Editor in 58.63 ms, found 3 plugins.
Preloading 0 native plugins for Editor in 0.00 ms.
Mono: successfully reloaded assembly
- Completed reload, in  0.432 seconds
Domain Reload Profiling:
	ReloadAssembly (433ms)
		BeginReloadAssembly (54ms)
			ExecutionOrderSort (0ms)
			DisableScriptedObjects (0ms)
			BackupInstance (0ms)
			ReleaseScriptingObjects (0ms)
			CreateAndSetChildDomain (1ms)
		EndReloadAssembly (320ms)
			LoadAssemblies (53ms)
			RebuildTransferFunctionScriptingTraits (0ms)
			SetupTypeCache (65ms)
			ReleaseScriptCaches (0ms)
			RebuildScriptCaches (17ms)
			SetupLoadedEditorAssemblies (206ms)
				LogAssemblyErrors (0ms)
				InitializePlatformSupportModulesInManaged (5ms)
				SetLoadedEditorAssemblies (0ms)
				RefreshPlugins (59ms)
				BeforeProcessingInitializeOnLoad (1ms)
				ProcessInitializeOnLoadAttributes (107ms)
				ProcessInitializeOnLoadMethodAttributes (33ms)
				AfterProcessingInitializeOnLoad (0ms)
				EditorAssembliesLoaded (0ms)
			ExecutionOrderSort2 (0ms)
			AwakeInstancesAfterBackupRestoration (0ms)
Platform modules already initialized, skipping
Registering precompiled user dll's ...
Registered in 0.002990 seconds.
Begin MonoManager ReloadAssembly
Symbol file LoadedFromMemory doesn't match image D:\unity\Prototype 1\Library\PackageCache\com.unity.visualscripting@1.8.0\Editor\VisualScripting.Core\Dependencies\YamlDotNet\Unity.VisualScripting.YamlDotNet.dll
Symbol file LoadedFromMemory doesn't match image D:\unity\Prototype 1\Library\PackageCache\com.unity.visualscripting@1.8.0\Editor\VisualScripting.Core\Dependencies\DotNetZip\Unity.VisualScripting.IonicZip.dll
Native extension for WindowsStandalone target not found
Native extension for WebGL target not found
Refreshing native plugins compatible for Editor in 0.55 ms, found 3 plugins.
Preloading 0 native plugins for Editor in 0.00 ms.
Mono: successfully reloaded assembly
- Completed reload, in  0.650 seconds
Domain Reload Profiling:
	ReloadAssembly (650ms)
		BeginReloadAssembly (104ms)
			ExecutionOrderSort (0ms)
			DisableScriptedObjects (4ms)
			BackupInstance (0ms)
			ReleaseScriptingObjects (0ms)
			CreateAndSetChildDomain (23ms)
		EndReloadAssembly (480ms)
			LoadAssemblies (67ms)
			RebuildTransferFunctionScriptingTraits (0ms)
			SetupTypeCache (158ms)
			ReleaseScriptCaches (1ms)
			RebuildScriptCaches (30ms)
			SetupLoadedEditorAssemblies (219ms)
				LogAssemblyErrors (0ms)
				InitializePlatformSupportModulesInManaged (4ms)
				SetLoadedEditorAssemblies (0ms)
				RefreshPlugins (1ms)
				BeforeProcessingInitializeOnLoad (51ms)
				ProcessInitializeOnLoadAttributes (149ms)
				ProcessInitializeOnLoadMethodAttributes (13ms)
				AfterProcessingInitializeOnLoad (2ms)
				EditorAssembliesLoaded (0ms)
			ExecutionOrderSort2 (0ms)
			AwakeInstancesAfterBackupRestoration (4ms)
Platform modules already initialized, skipping
========================================================================
Worker process is ready to serve import requests
Launched and connected shader compiler UnityShaderCompiler.exe after 0.03 seconds
Refreshing native plugins compatible for Editor in 0.55 ms, found 3 plugins.
Preloading 0 native plugins for Editor in 0.00 ms.
Unloading 3049 Unused Serialized files (Serialized files now loaded: 0)
Unloading 24 unused Assets / (113.5 KB). Loaded Objects now: 3528.
Memory consumption went from 120.0 MB to 119.9 MB.
Total: 2.392800 ms (FindLiveObjects: 0.207600 ms CreateObjectMapping: 0.073600 ms MarkObjects: 2.031800 ms  DeleteObjects: 0.079000 ms)

AssetImportParameters requested are different than current active one (requested -> active):
  custom:video-decoder-ogg-theora: a1e56fd34408186e4bbccfd4996cb3dc -> 
  custom:container-muxer-webm: aa71ff27fc2769a1b78a27578f13a17b -> 
  custom:container-demuxer-webm: 4f35f7cbe854078d1ac9338744f61a02 -> 
  custom:video-encoder-webm-vp8: eb34c28f22e8b96e1ab97ce403110664 -> 
  custom:audio-encoder-webm-vorbis: bf7c407c2cedff20999df2af8eb42d56 -> 
  custom:framework-win-MediaFoundation: 216162199b28c13a410421893ffa2e32 -> 
  custom:container-demuxer-ogg: 62fdf1f143b41e24485cea50d1cbac27 -> 
  custom:video-decoder-webm-vp8: 9c59270c3fd7afecdb556c50c9e8de78 -> 
  custom:audio-decoder-ogg-vorbis: bf7c407c2cedff20999df2af8eb42d56 -> 
========================================================================
Received Import Request.
  Time since last request: 67216.210386 seconds.
  path: Packages/com.unity.testtools.codecoverage/Editor/Icons/FolderOpened.png
  artifactKey: Guid(1935829ae7024da448814ef05b31e6c4) Importer(815301076,1909f56bfc062723c751e8b465ee728b)
Start importing Packages/com.unity.testtools.codecoverage/Editor/Icons/FolderOpened.png using Guid(1935829ae7024da448814ef05b31e6c4) Importer(815301076,1909f56bfc062723c751e8b465ee728b)  -> (artifact id: '536ca49fbdff3771a392781e338c15a8') in 0.107798 seconds 
========================================================================
Received Import Request.
  Time since last request: 493.219126 seconds.
  path: Assets/MedievalTownExteriors/Meshes/Crate.fbx
  artifactKey: Guid(eb4fdd308d7e5e6409868e9329ecf8b0) Importer(815301076,1909f56bfc062723c751e8b465ee728b)
Start importing Assets/MedievalTownExteriors/Meshes/Crate.fbx using Guid(eb4fdd308d7e5e6409868e9329ecf8b0) Importer(815301076,1909f56bfc062723c751e8b465ee728b)  -> (artifact id: '8fd6b318fcf526bd3cca16843592bf2c') in 0.072584 seconds 
========================================================================
Received Import Request.
  Time since last request: 0.000015 seconds.
  path: Assets/MedievalTownExteriors/Meshes/Mushroom_a.fbx
  artifactKey: Guid(5462d7981caf2b1428cbc434c37493cb) Importer(815301076,1909f56bfc062723c751e8b465ee728b)
Start importing Assets/MedievalTownExteriors/Meshes/Mushroom_a.fbx using Guid(5462d7981caf2b1428cbc434c37493cb) Importer(815301076,1909f56bfc062723c751e8b465ee728b)  -> (artifact id: 'b6899c0d41f2299334ac6cb1494401e2') in 0.012739 seconds 
========================================================================
Received Import Request.
  Time since last request: 0.000013 seconds.
  path: Assets/MedievalTownExteriors/Meshes/Lantern.fbx
  artifactKey: Guid(ff1e1f8d871b6ff4bac95a9078e1f51c) Importer(815301076,1909f56bfc062723c751e8b465ee728b)
Start importing Assets/MedievalTownExteriors/Meshes/Lantern.fbx using Guid(ff1e1f8d871b6ff4bac95a9078e1f51c) Importer(815301076,1909f56bfc062723c751e8b465ee728b)  -> (artifact id: 'f4992bb27c64caed0c6dd87082f568a9') in 0.013180 seconds 
========================================================================
Received Import Request.
  Time since last request: 0.000017 seconds.
  path: Assets/MedievalTownExteriors/Meshes/Rock_b.fbx
  artifactKey: Guid(94fa1b5fc6fd88643a012111e885089b) Importer(815301076,1909f56bfc062723c751e8b465ee728b)
Start importing Assets/MedievalTownExteriors/Meshes/Rock_b.fbx using Guid(94fa1b5fc6fd88643a012111e885089b) Importer(815301076,1909f56bfc062723c751e8b465ee728b)  -> (artifact id: '6ecc969c5399790450fd879ba7b6b73b') in 0.012514 seconds 
========================================================================
Received Import Request.
  Time since last request: 0.000022 seconds.
  path: Assets/MedievalTownExteriors/Meshes/Sack_a.fbx
  artifactKey: Guid(3a84c78dc4f6f0641a02ec454782e422) Importer(815301076,1909f56bfc062723c751e8b465ee728b)
Start importing Assets/MedievalTownExteriors/Meshes/Sack_a.fbx using Guid(3a84c78dc4f6f0641a02ec454782e422) Importer(815301076,1909f56bfc062723c751e8b465ee728b)  -> (artifact id: 'f4af5af8d3bd16e35e3e92b603b786f0') in 0.011648 seconds 
========================================================================
Received Import Request.
  Time since last request: 0.000016 seconds.
  path: Assets/MedievalTownExteriors/Meshes/Lantern_post.fbx
  artifactKey: Guid(5b894a4a2d42fea44aafd6561bb64e76) Importer(815301076,1909f56bfc062723c751e8b465ee728b)
Start importing Assets/MedievalTownExteriors/Meshes/Lantern_post.fbx using Guid(5b894a4a2d42fea44aafd6561bb64e76) Importer(815301076,1909f56bfc062723c751e8b465ee728b)  -> (artifact id: '7db3e39d102029f6c743a660e65d8168') in 0.021006 seconds 
========================================================================
Received Import Request.
  Time since last request: 0.000016 seconds.
  path: Assets/MedievalTownExteriors/Meshes/Fence_a.fbx
  artifactKey: Guid(57b1c6e5e6fd80c4f8ee1d5ccba246c8) Importer(815301076,1909f56bfc062723c751e8b465ee728b)
Start importing Assets/MedievalTownExteriors/Meshes/Fence_a.fbx using Guid(57b1c6e5e6fd80c4f8ee1d5ccba246c8) Importer(815301076,1909f56bfc062723c751e8b465ee728b)  -> (artifact id: 'ca94317fd01d63bb0dc6019a39f39919') in 0.011247 seconds 
========================================================================
Received Import Request.
  Time since last request: 0.000017 seconds.
  path: Assets/MedievalTownExteriors/Meshes/Rock_f.fbx
  artifactKey: Guid(3b6053e0af0ae374e88238897a6227ee) Importer(815301076,1909f56bfc062723c751e8b465ee728b)
Start importing Assets/MedievalTownExteriors/Meshes/Rock_f.fbx using Guid(3b6053e0af0ae374e88238897a6227ee) Importer(815301076,1909f56bfc062723c751e8b465ee728b)  -> (artifact id: 'a20fd7100a055f4004106527cb80abf9') in 0.010588 seconds 
========================================================================
Received Import Request.
  Time since last request: 0.000017 seconds.
  path: Assets/MedievalTownExteriors/Meshes/Hay_a.fbx
  artifactKey: Guid(12a5e908fb9e1be4fb8ae89a31af8cae) Importer(815301076,1909f56bfc062723c751e8b465ee728b)
Start importing Assets/MedievalTownExteriors/Meshes/Hay_a.fbx using Guid(12a5e908fb9e1be4fb8ae89a31af8cae) Importer(815301076,1909f56bfc062723c751e8b465ee728b)  -> (artifact id: 'fba6ae0b6cddd2f8d107ab6f3b228e72') in 0.011725 seconds 
========================================================================
Received Import Request.
  Time since last request: 0.000012 seconds.
  path: Assets/MedievalTownExteriors/Meshes/Sack_b.fbx
  artifactKey: Guid(3d1c4f6e0f99bbb4393f9892baa17ef0) Importer(815301076,1909f56bfc062723c751e8b465ee728b)
Start importing Assets/MedievalTownExteriors/Meshes/Sack_b.fbx using Guid(3d1c4f6e0f99bbb4393f9892baa17ef0) Importer(815301076,1909f56bfc062723c751e8b465ee728b)  -> (artifact id: '8779b7de76d666e3e048065ebbdf090d') in 0.009867 seconds 
========================================================================
Received Import Request.
  Time since last request: 0.000014 seconds.
  path: Assets/MedievalTownExteriors/Meshes/Rock_e.fbx
  artifactKey: Guid(fde0fd8d6ea2b654cb48ad2f94e1ccd5) Importer(815301076,1909f56bfc062723c751e8b465ee728b)
Start importing Assets/MedievalTownExteriors/Meshes/Rock_e.fbx using Guid(fde0fd8d6ea2b654cb48ad2f94e1ccd5) Importer(815301076,1909f56bfc062723c751e8b465ee728b)  -> (artifact id: '01b6e30b4e31eb06fbd14515de40ccb0') in 0.010922 seconds 
========================================================================
Received Import Request.
  Time since last request: 0.000016 seconds.
  path: Assets/MedievalTownExteriors/Meshes/Logs_b.fbx
  artifactKey: Guid(b1491e09a5a59644986da9c34b34c2e9) Importer(815301076,1909f56bfc062723c751e8b465ee728b)
Start importing Assets/MedievalTownExteriors/Meshes/Logs_b.fbx using Guid(b1491e09a5a59644986da9c34b34c2e9) Importer(815301076,1909f56bfc062723c751e8b465ee728b)  -> (artifact id: '2954d6273353f8fe5f5ab0c1e6f9265d') in 0.010714 seconds 
========================================================================
Received Import Request.
  Time since last request: 0.000016 seconds.
  path: Assets/MedievalTownExteriors/Meshes/Hay_d.fbx
  artifactKey: Guid(1f7a14f4bf22a2449b94ef0273885c0e) Importer(815301076,1909f56bfc062723c751e8b465ee728b)
Start importing Assets/MedievalTownExteriors/Meshes/Hay_d.fbx using Guid(1f7a14f4bf22a2449b94ef0273885c0e) Importer(815301076,1909f56bfc062723c751e8b465ee728b)  -> (artifact id: 'c82d671ca35db4d025c0c97cd11b7ca2') in 0.010323 seconds 
========================================================================
Received Import Request.
  Time since last request: 0.000017 seconds.
  path: Assets/MedievalTownExteriors/Meshes/Mushroom_b.fbx
  artifactKey: Guid(75f355bbd6a4def47a15c78a9050ba98) Importer(815301076,1909f56bfc062723c751e8b465ee728b)
Start importing Assets/MedievalTownExteriors/Meshes/Mushroom_b.fbx using Guid(75f355bbd6a4def47a15c78a9050ba98) Importer(815301076,1909f56bfc062723c751e8b465ee728b)  -> (artifact id: '4a50c4f1eb5ebe25913588e93f1bd6ef') in 0.010519 seconds 
========================================================================
Received Import Request.
  Time since last request: 0.000014 seconds.
  path: Assets/MedievalTownExteriors/Meshes/Sign_a.fbx
  artifactKey: Guid(fa0ffbad10cbc6b409051f1695048302) Importer(815301076,1909f56bfc062723c751e8b465ee728b)
Start importing Assets/MedievalTownExteriors/Meshes/Sign_a.fbx using Guid(fa0ffbad10cbc6b409051f1695048302) Importer(815301076,1909f56bfc062723c751e8b465ee728b)  -> (artifact id: '8762b3fc4cccffddab7a687385092b34') in 0.010728 seconds 
========================================================================
Received Import Request.
  Time since last request: 0.000015 seconds.
  path: Assets/MedievalTownExteriors/Meshes/Rock_a.fbx
  artifactKey: Guid(0bb1fbc73249eb248af34265635f2f15) Importer(815301076,1909f56bfc062723c751e8b465ee728b)
Start importing Assets/MedievalTownExteriors/Meshes/Rock_a.fbx using Guid(0bb1fbc73249eb248af34265635f2f15) Importer(815301076,1909f56bfc062723c751e8b465ee728b)  -> (artifact id: 'b137de80a6320316eec1168a05f58a9c') in 0.011897 seconds 
========================================================================
Received Import Request.
  Time since last request: 3.141358 seconds.
  path: Assets/MedievalTownExteriors/Meshes/Tent_collider.fbx
  artifactKey: Guid(2c58a0598ecc8c24db8015373dafed1e) Importer(815301076,1909f56bfc062723c751e8b465ee728b)
Start importing Assets/MedievalTownExteriors/Meshes/Tent_collider.fbx using Guid(2c58a0598ecc8c24db8015373dafed1e) Importer(815301076,1909f56bfc062723c751e8b465ee728b)  -> (artifact id: 'e3b1b5278c0063e7d590d2ad2b66ccd4') in 0.011169 seconds 
Editor requested this worker to shutdown with reason: Scaling down because of idle timeout
AssetImportWorker is now disconnected from the server
Process exiting
Exiting without the bug reporter. Application will terminate with return code 0